CRITICAL - 2024-11-10 03:47:55 --> ParseError: syntax error, unexpected token "<", expecting end of file
[Method: GET, Route: /]
in APPPATH\Config\Routes.php on line 53.
 1 SYSTEMPATH\CodeIgniter.php(823): CodeIgniter\Router\RouteCollection->loadRoutes()
 2 SYSTEMPATH\CodeIgniter.php(457): CodeIgniter\CodeIgniter->tryToRouteIt(null)
 3 SYSTEMPATH\CodeIgniter.php(355): CodeIgniter\CodeIgniter->handleRequest(null, Object(Config\Cache), false)
 4 SYSTEMPATH\Boot.php(325): CodeIgniter\CodeIgniter->run()
 5 SYSTEMPATH\Boot.php(67): CodeIgniter\Boot::runCodeIgniter(Object(CodeIgniter\CodeIgniter))
 6 FCPATH\index.php(56): CodeIgniter\Boot::bootWeb(Object(Config\Paths))
CRITICAL - 2024-11-10 03:48:11 --> ParseError: syntax error, unexpected token "<", expecting end of file
[Method: GET, Route: /]
in APPPATH\Config\Routes.php on line 53.
 1 SYSTEMPATH\CodeIgniter.php(823): CodeIgniter\Router\RouteCollection->loadRoutes()
 2 SYSTEMPATH\CodeIgniter.php(457): CodeIgniter\CodeIgniter->tryToRouteIt(null)
 3 SYSTEMPATH\CodeIgniter.php(355): CodeIgniter\CodeIgniter->handleRequest(null, Object(Config\Cache), false)
 4 SYSTEMPATH\Boot.php(325): CodeIgniter\CodeIgniter->run()
 5 SYSTEMPATH\Boot.php(67): CodeIgniter\Boot::runCodeIgniter(Object(CodeIgniter\CodeIgniter))
 6 FCPATH\index.php(56): CodeIgniter\Boot::bootWeb(Object(Config\Paths))
CRITICAL - 2024-11-10 03:49:58 --> ParseError: syntax error, unexpected token "<", expecting end of file
[Method: GET, Route: /]
in APPPATH\Config\Routes.php on line 53.
 1 SYSTEMPATH\CodeIgniter.php(823): CodeIgniter\Router\RouteCollection->loadRoutes()
 2 SYSTEMPATH\CodeIgniter.php(457): CodeIgniter\CodeIgniter->tryToRouteIt(null)
 3 SYSTEMPATH\CodeIgniter.php(355): CodeIgniter\CodeIgniter->handleRequest(null, Object(Config\Cache), false)
 4 SYSTEMPATH\Boot.php(325): CodeIgniter\CodeIgniter->run()
 5 SYSTEMPATH\Boot.php(67): CodeIgniter\Boot::runCodeIgniter(Object(CodeIgniter\CodeIgniter))
 6 FCPATH\index.php(56): CodeIgniter\Boot::bootWeb(Object(Config\Paths))
CRITICAL - 2024-11-10 03:51:08 --> ParseError: syntax error, unexpected token "<", expecting end of file
[Method: GET, Route: /]
in APPPATH\Config\Routes.php on line 53.
 1 SYSTEMPATH\CodeIgniter.php(823): CodeIgniter\Router\RouteCollection->loadRoutes()
 2 SYSTEMPATH\CodeIgniter.php(457): CodeIgniter\CodeIgniter->tryToRouteIt(null)
 3 SYSTEMPATH\CodeIgniter.php(355): CodeIgniter\CodeIgniter->handleRequest(null, Object(Config\Cache), false)
 4 SYSTEMPATH\Boot.php(325): CodeIgniter\CodeIgniter->run()
 5 SYSTEMPATH\Boot.php(67): CodeIgniter\Boot::runCodeIgniter(Object(CodeIgniter\CodeIgniter))
 6 FCPATH\index.php(56): CodeIgniter\Boot::bootWeb(Object(Config\Paths))
INFO - 2024-11-10 03:53:08 --> Session: Class initialized using 'CodeIgniter\Session\Handlers\FileHandler' driver.
INFO - 2024-11-10 03:53:28 --> Session: Class initialized using 'CodeIgniter\Session\Handlers\FileHandler' driver.
INFO - 2024-11-10 04:06:51 --> Session: Class initialized using 'CodeIgniter\Session\Handlers\FileHandler' driver.
ERROR - 2024-11-10 20:01:31 --> mysqli_sql_exception: Unknown column 'accesorio' in 'field list' in C:\laragon\www\pproyecto_final_g4-\system\Database\MySQLi\Connection.php:312
Stack trace:
#0 C:\laragon\www\pproyecto_final_g4-\system\Database\MySQLi\Connection.php(312): mysqli->query('INSERT INTO `in...', 0)
#1 C:\laragon\www\pproyecto_final_g4-\system\Database\BaseConnection.php(734): CodeIgniter\Database\MySQLi\Connection->execute('INSERT INTO `in...')
#2 C:\laragon\www\pproyecto_final_g4-\system\Database\BaseConnection.php(648): CodeIgniter\Database\BaseConnection->simpleQuery('INSERT INTO `in...')
#3 C:\laragon\www\pproyecto_final_g4-\system\Database\BaseBuilder.php(2332): CodeIgniter\Database\BaseConnection->query('INSERT INTO `in...', Array, false)
#4 C:\laragon\www\pproyecto_final_g4-\system\Model.php(394): CodeIgniter\Database\BaseBuilder->insert()
#5 C:\laragon\www\pproyecto_final_g4-\system\BaseModel.php(840): CodeIgniter\Model->doInsert(Array)
#6 C:\laragon\www\pproyecto_final_g4-\system\Model.php(802): CodeIgniter\BaseModel->insert(Array, false)
#7 C:\laragon\www\pproyecto_final_g4-\system\BaseModel.php(751): CodeIgniter\Model->insert(Array, false)
#8 C:\laragon\www\pproyecto_final_g4-\app\Controllers\InventarioController.php(25): CodeIgniter\BaseModel->save(Array)
#9 C:\laragon\www\pproyecto_final_g4-\system\CodeIgniter.php(933): App\Controllers\InventarioController->nuevoInventario()
#10 C:\laragon\www\pproyecto_final_g4-\system\CodeIgniter.php(509): CodeIgniter\CodeIgniter->runController(Object(App\Controllers\InventarioController))
#11 C:\laragon\www\pproyecto_final_g4-\system\CodeIgniter.php(355): CodeIgniter\CodeIgniter->handleRequest(NULL, Object(Config\Cache), false)
#12 C:\laragon\www\pproyecto_final_g4-\system\Boot.php(325): CodeIgniter\CodeIgniter->run()
#13 C:\laragon\www\pproyecto_final_g4-\system\Boot.php(67): CodeIgniter\Boot::runCodeIgniter(Object(CodeIgniter\CodeIgniter))
#14 C:\laragon\www\pproyecto_final_g4-\public\index.php(56): CodeIgniter\Boot::bootWeb(Object(Config\Paths))
#15 {main}
CRITICAL - 2024-11-10 20:01:31 --> CodeIgniter\Database\Exceptions\DatabaseException: Unknown column 'accesorio' in 'field list'
[Method: GET, Route: inventario/nuevo]
in SYSTEMPATH\Database\BaseConnection.php on line 688.
 1 SYSTEMPATH\Database\BaseBuilder.php(2332): CodeIgniter\Database\BaseConnection->query('INSERT INTO `inventario` (`accesorio`, `cantidad`, `precio`, `ubicacion`, `fecha_ingreso`) VALUES (:accesorio:, :cantidad:, :precio:, :ubicacion:, :fecha_ingreso:)', [...], false)
 2 SYSTEMPATH\Model.php(394): CodeIgniter\Database\BaseBuilder->insert()
 3 SYSTEMPATH\BaseModel.php(840): CodeIgniter\Model->doInsert([...])
 4 SYSTEMPATH\Model.php(802): CodeIgniter\BaseModel->insert([...], false)
 5 SYSTEMPATH\BaseModel.php(751): CodeIgniter\Model->insert([...], false)
 6 APPPATH\Controllers\InventarioController.php(25): CodeIgniter\BaseModel->save([...])
 7 SYSTEMPATH\CodeIgniter.php(933): App\Controllers\InventarioController->nuevoInventario()
 8 SYSTEMPATH\CodeIgniter.php(509): CodeIgniter\CodeIgniter->runController(Object(App\Controllers\InventarioController))
 9 SYSTEMPATH\CodeIgniter.php(355): CodeIgniter\CodeIgniter->handleRequest(null, Object(Config\Cache), false)
10 SYSTEMPATH\Boot.php(325): CodeIgniter\CodeIgniter->run()
11 SYSTEMPATH\Boot.php(67): CodeIgniter\Boot::runCodeIgniter(Object(CodeIgniter\CodeIgniter))
12 FCPATH\index.php(56): CodeIgniter\Boot::bootWeb(Object(Config\Paths))
CRITICAL - 2024-11-10 20:01:31 --> [Caused by] CodeIgniter\Database\Exceptions\DatabaseException: Unknown column 'accesorio' in 'field list'
in SYSTEMPATH\Database\MySQLi\Connection.php on line 317.
 1 SYSTEMPATH\Database\BaseConnection.php(734): CodeIgniter\Database\MySQLi\Connection->execute('INSERT INTO `inventario` (`accesorio`, `cantidad`, `precio`, `ubicacion`, `fecha_ingreso`) VALUES (\'Accesorio ejemplo\', 1, 0, \'Ubicación predeterminada\', \'2024-11-10 20:01:31\')')
 2 SYSTEMPATH\Database\BaseConnection.php(648): CodeIgniter\Database\BaseConnection->simpleQuery('INSERT INTO `inventario` (`accesorio`, `cantidad`, `precio`, `ubicacion`, `fecha_ingreso`) VALUES (\'Accesorio ejemplo\', 1, 0, \'Ubicación predeterminada\', \'2024-11-10 20:01:31\')')
 3 SYSTEMPATH\Database\BaseBuilder.php(2332): CodeIgniter\Database\BaseConnection->query('INSERT INTO `inventario` (`accesorio`, `cantidad`, `precio`, `ubicacion`, `fecha_ingreso`) VALUES (:accesorio:, :cantidad:, :precio:, :ubicacion:, :fecha_ingreso:)', [...], false)
 4 SYSTEMPATH\Model.php(394): CodeIgniter\Database\BaseBuilder->insert()
 5 SYSTEMPATH\BaseModel.php(840): CodeIgniter\Model->doInsert([...])
 6 SYSTEMPATH\Model.php(802): CodeIgniter\BaseModel->insert([...], false)
 7 SYSTEMPATH\BaseModel.php(751): CodeIgniter\Model->insert([...], false)
 8 APPPATH\Controllers\InventarioController.php(25): CodeIgniter\BaseModel->save([...])
 9 SYSTEMPATH\CodeIgniter.php(933): App\Controllers\InventarioController->nuevoInventario()
10 SYSTEMPATH\CodeIgniter.php(509): CodeIgniter\CodeIgniter->runController(Object(App\Controllers\InventarioController))
11 SYSTEMPATH\CodeIgniter.php(355): CodeIgniter\CodeIgniter->handleRequest(null, Object(Config\Cache), false)
12 SYSTEMPATH\Boot.php(325): CodeIgniter\CodeIgniter->run()
13 SYSTEMPATH\Boot.php(67): CodeIgniter\Boot::runCodeIgniter(Object(CodeIgniter\CodeIgniter))
14 FCPATH\index.php(56): CodeIgniter\Boot::bootWeb(Object(Config\Paths))
CRITICAL - 2024-11-10 20:01:31 --> [Caused by] mysqli_sql_exception: Unknown column 'accesorio' in 'field list'
in SYSTEMPATH\Database\MySQLi\Connection.php on line 312.
 1 SYSTEMPATH\Database\MySQLi\Connection.php(312): mysqli->query('INSERT INTO `inventario` (`accesorio`, `cantidad`, `precio`, `ubicacion`, `fecha_ingreso`) VALUES (\'Accesorio ejemplo\', 1, 0, \'Ubicación predeterminada\', \'2024-11-10 20:01:31\')', 0)
 2 SYSTEMPATH\Database\BaseConnection.php(734): CodeIgniter\Database\MySQLi\Connection->execute('INSERT INTO `inventario` (`accesorio`, `cantidad`, `precio`, `ubicacion`, `fecha_ingreso`) VALUES (\'Accesorio ejemplo\', 1, 0, \'Ubicación predeterminada\', \'2024-11-10 20:01:31\')')
 3 SYSTEMPATH\Database\BaseConnection.php(648): CodeIgniter\Database\BaseConnection->simpleQuery('INSERT INTO `inventario` (`accesorio`, `cantidad`, `precio`, `ubicacion`, `fecha_ingreso`) VALUES (\'Accesorio ejemplo\', 1, 0, \'Ubicación predeterminada\', \'2024-11-10 20:01:31\')')
 4 SYSTEMPATH\Database\BaseBuilder.php(2332): CodeIgniter\Database\BaseConnection->query('INSERT INTO `inventario` (`accesorio`, `cantidad`, `precio`, `ubicacion`, `fecha_ingreso`) VALUES (:accesorio:, :cantidad:, :precio:, :ubicacion:, :fecha_ingreso:)', [...], false)
 5 SYSTEMPATH\Model.php(394): CodeIgniter\Database\BaseBuilder->insert()
 6 SYSTEMPATH\BaseModel.php(840): CodeIgniter\Model->doInsert([...])
 7 SYSTEMPATH\Model.php(802): CodeIgniter\BaseModel->insert([...], false)
 8 SYSTEMPATH\BaseModel.php(751): CodeIgniter\Model->insert([...], false)
 9 APPPATH\Controllers\InventarioController.php(25): CodeIgniter\BaseModel->save([...])
10 SYSTEMPATH\CodeIgniter.php(933): App\Controllers\InventarioController->nuevoInventario()
11 SYSTEMPATH\CodeIgniter.php(509): CodeIgniter\CodeIgniter->runController(Object(App\Controllers\InventarioController))
12 SYSTEMPATH\CodeIgniter.php(355): CodeIgniter\CodeIgniter->handleRequest(null, Object(Config\Cache), false)
13 SYSTEMPATH\Boot.php(325): CodeIgniter\CodeIgniter->run()
14 SYSTEMPATH\Boot.php(67): CodeIgniter\Boot::runCodeIgniter(Object(CodeIgniter\CodeIgniter))
15 FCPATH\index.php(56): CodeIgniter\Boot::bootWeb(Object(Config\Paths))
ERROR - 2024-11-10 20:01:31 --> mysqli_sql_exception: Unknown column 'accesorio' in 'field list' in C:\laragon\www\pproyecto_final_g4-\system\Database\MySQLi\Connection.php:312
Stack trace:
#0 C:\laragon\www\pproyecto_final_g4-\system\Database\MySQLi\Connection.php(312): mysqli->query('INSERT INTO `in...', 0)
#1 C:\laragon\www\pproyecto_final_g4-\system\Database\BaseConnection.php(734): CodeIgniter\Database\MySQLi\Connection->execute('INSERT INTO `in...')
#2 C:\laragon\www\pproyecto_final_g4-\system\Database\BaseConnection.php(648): CodeIgniter\Database\BaseConnection->simpleQuery('INSERT INTO `in...')
#3 C:\laragon\www\pproyecto_final_g4-\system\Database\BaseBuilder.php(2332): CodeIgniter\Database\BaseConnection->query('INSERT INTO `in...', Array, false)
#4 C:\laragon\www\pproyecto_final_g4-\system\Model.php(394): CodeIgniter\Database\BaseBuilder->insert()
#5 C:\laragon\www\pproyecto_final_g4-\system\BaseModel.php(840): CodeIgniter\Model->doInsert(Array)
#6 C:\laragon\www\pproyecto_final_g4-\system\Model.php(802): CodeIgniter\BaseModel->insert(Array, false)
#7 C:\laragon\www\pproyecto_final_g4-\system\BaseModel.php(751): CodeIgniter\Model->insert(Array, false)
#8 C:\laragon\www\pproyecto_final_g4-\app\Controllers\InventarioController.php(25): CodeIgniter\BaseModel->save(Array)
#9 C:\laragon\www\pproyecto_final_g4-\system\CodeIgniter.php(933): App\Controllers\InventarioController->nuevoInventario()
#10 C:\laragon\www\pproyecto_final_g4-\system\CodeIgniter.php(509): CodeIgniter\CodeIgniter->runController(Object(App\Controllers\InventarioController))
#11 C:\laragon\www\pproyecto_final_g4-\system\CodeIgniter.php(355): CodeIgniter\CodeIgniter->handleRequest(NULL, Object(Config\Cache), false)
#12 C:\laragon\www\pproyecto_final_g4-\system\Boot.php(325): CodeIgniter\CodeIgniter->run()
#13 C:\laragon\www\pproyecto_final_g4-\system\Boot.php(67): CodeIgniter\Boot::runCodeIgniter(Object(CodeIgniter\CodeIgniter))
#14 C:\laragon\www\pproyecto_final_g4-\public\index.php(56): CodeIgniter\Boot::bootWeb(Object(Config\Paths))
#15 {main}
CRITICAL - 2024-11-10 20:01:31 --> CodeIgniter\Database\Exceptions\DatabaseException: Unknown column 'accesorio' in 'field list'
[Method: GET, Route: inventario/nuevo]
in SYSTEMPATH\Database\BaseConnection.php on line 688.
 1 SYSTEMPATH\Database\BaseBuilder.php(2332): CodeIgniter\Database\BaseConnection->query('INSERT INTO `inventario` (`accesorio`, `cantidad`, `precio`, `ubicacion`, `fecha_ingreso`) VALUES (:accesorio:, :cantidad:, :precio:, :ubicacion:, :fecha_ingreso:)', [...], false)
 2 SYSTEMPATH\Model.php(394): CodeIgniter\Database\BaseBuilder->insert()
 3 SYSTEMPATH\BaseModel.php(840): CodeIgniter\Model->doInsert([...])
 4 SYSTEMPATH\Model.php(802): CodeIgniter\BaseModel->insert([...], false)
 5 SYSTEMPATH\BaseModel.php(751): CodeIgniter\Model->insert([...], false)
 6 APPPATH\Controllers\InventarioController.php(25): CodeIgniter\BaseModel->save([...])
 7 SYSTEMPATH\CodeIgniter.php(933): App\Controllers\InventarioController->nuevoInventario()
 8 SYSTEMPATH\CodeIgniter.php(509): CodeIgniter\CodeIgniter->runController(Object(App\Controllers\InventarioController))
 9 SYSTEMPATH\CodeIgniter.php(355): CodeIgniter\CodeIgniter->handleRequest(null, Object(Config\Cache), false)
10 SYSTEMPATH\Boot.php(325): CodeIgniter\CodeIgniter->run()
11 SYSTEMPATH\Boot.php(67): CodeIgniter\Boot::runCodeIgniter(Object(CodeIgniter\CodeIgniter))
12 FCPATH\index.php(56): CodeIgniter\Boot::bootWeb(Object(Config\Paths))
CRITICAL - 2024-11-10 20:01:31 --> [Caused by] CodeIgniter\Database\Exceptions\DatabaseException: Unknown column 'accesorio' in 'field list'
in SYSTEMPATH\Database\MySQLi\Connection.php on line 317.
 1 SYSTEMPATH\Database\BaseConnection.php(734): CodeIgniter\Database\MySQLi\Connection->execute('INSERT INTO `inventario` (`accesorio`, `cantidad`, `precio`, `ubicacion`, `fecha_ingreso`) VALUES (\'Accesorio ejemplo\', 1, 0, \'Ubicación predeterminada\', \'2024-11-10 20:01:31\')')
 2 SYSTEMPATH\Database\BaseConnection.php(648): CodeIgniter\Database\BaseConnection->simpleQuery('INSERT INTO `inventario` (`accesorio`, `cantidad`, `precio`, `ubicacion`, `fecha_ingreso`) VALUES (\'Accesorio ejemplo\', 1, 0, \'Ubicación predeterminada\', \'2024-11-10 20:01:31\')')
 3 SYSTEMPATH\Database\BaseBuilder.php(2332): CodeIgniter\Database\BaseConnection->query('INSERT INTO `inventario` (`accesorio`, `cantidad`, `precio`, `ubicacion`, `fecha_ingreso`) VALUES (:accesorio:, :cantidad:, :precio:, :ubicacion:, :fecha_ingreso:)', [...], false)
 4 SYSTEMPATH\Model.php(394): CodeIgniter\Database\BaseBuilder->insert()
 5 SYSTEMPATH\BaseModel.php(840): CodeIgniter\Model->doInsert([...])
 6 SYSTEMPATH\Model.php(802): CodeIgniter\BaseModel->insert([...], false)
 7 SYSTEMPATH\BaseModel.php(751): CodeIgniter\Model->insert([...], false)
 8 APPPATH\Controllers\InventarioController.php(25): CodeIgniter\BaseModel->save([...])
 9 SYSTEMPATH\CodeIgniter.php(933): App\Controllers\InventarioController->nuevoInventario()
10 SYSTEMPATH\CodeIgniter.php(509): CodeIgniter\CodeIgniter->runController(Object(App\Controllers\InventarioController))
11 SYSTEMPATH\CodeIgniter.php(355): CodeIgniter\CodeIgniter->handleRequest(null, Object(Config\Cache), false)
12 SYSTEMPATH\Boot.php(325): CodeIgniter\CodeIgniter->run()
13 SYSTEMPATH\Boot.php(67): CodeIgniter\Boot::runCodeIgniter(Object(CodeIgniter\CodeIgniter))
14 FCPATH\index.php(56): CodeIgniter\Boot::bootWeb(Object(Config\Paths))
CRITICAL - 2024-11-10 20:01:31 --> [Caused by] mysqli_sql_exception: Unknown column 'accesorio' in 'field list'
in SYSTEMPATH\Database\MySQLi\Connection.php on line 312.
 1 SYSTEMPATH\Database\MySQLi\Connection.php(312): mysqli->query('INSERT INTO `inventario` (`accesorio`, `cantidad`, `precio`, `ubicacion`, `fecha_ingreso`) VALUES (\'Accesorio ejemplo\', 1, 0, \'Ubicación predeterminada\', \'2024-11-10 20:01:31\')', 0)
 2 SYSTEMPATH\Database\BaseConnection.php(734): CodeIgniter\Database\MySQLi\Connection->execute('INSERT INTO `inventario` (`accesorio`, `cantidad`, `precio`, `ubicacion`, `fecha_ingreso`) VALUES (\'Accesorio ejemplo\', 1, 0, \'Ubicación predeterminada\', \'2024-11-10 20:01:31\')')
 3 SYSTEMPATH\Database\BaseConnection.php(648): CodeIgniter\Database\BaseConnection->simpleQuery('INSERT INTO `inventario` (`accesorio`, `cantidad`, `precio`, `ubicacion`, `fecha_ingreso`) VALUES (\'Accesorio ejemplo\', 1, 0, \'Ubicación predeterminada\', \'2024-11-10 20:01:31\')')
 4 SYSTEMPATH\Database\BaseBuilder.php(2332): CodeIgniter\Database\BaseConnection->query('INSERT INTO `inventario` (`accesorio`, `cantidad`, `precio`, `ubicacion`, `fecha_ingreso`) VALUES (:accesorio:, :cantidad:, :precio:, :ubicacion:, :fecha_ingreso:)', [...], false)
 5 SYSTEMPATH\Model.php(394): CodeIgniter\Database\BaseBuilder->insert()
 6 SYSTEMPATH\BaseModel.php(840): CodeIgniter\Model->doInsert([...])
 7 SYSTEMPATH\Model.php(802): CodeIgniter\BaseModel->insert([...], false)
 8 SYSTEMPATH\BaseModel.php(751): CodeIgniter\Model->insert([...], false)
 9 APPPATH\Controllers\InventarioController.php(25): CodeIgniter\BaseModel->save([...])
10 SYSTEMPATH\CodeIgniter.php(933): App\Controllers\InventarioController->nuevoInventario()
11 SYSTEMPATH\CodeIgniter.php(509): CodeIgniter\CodeIgniter->runController(Object(App\Controllers\InventarioController))
12 SYSTEMPATH\CodeIgniter.php(355): CodeIgniter\CodeIgniter->handleRequest(null, Object(Config\Cache), false)
13 SYSTEMPATH\Boot.php(325): CodeIgniter\CodeIgniter->run()
14 SYSTEMPATH\Boot.php(67): CodeIgniter\Boot::runCodeIgniter(Object(CodeIgniter\CodeIgniter))
15 FCPATH\index.php(56): CodeIgniter\Boot::bootWeb(Object(Config\Paths))
ERROR - 2024-11-10 20:03:44 --> mysqli_sql_exception: Unknown column 'accesorio' in 'field list' in C:\laragon\www\pproyecto_final_g4-\system\Database\MySQLi\Connection.php:312
Stack trace:
#0 C:\laragon\www\pproyecto_final_g4-\system\Database\MySQLi\Connection.php(312): mysqli->query('INSERT INTO `in...', 0)
#1 C:\laragon\www\pproyecto_final_g4-\system\Database\BaseConnection.php(734): CodeIgniter\Database\MySQLi\Connection->execute('INSERT INTO `in...')
#2 C:\laragon\www\pproyecto_final_g4-\system\Database\BaseConnection.php(648): CodeIgniter\Database\BaseConnection->simpleQuery('INSERT INTO `in...')
#3 C:\laragon\www\pproyecto_final_g4-\system\Database\BaseBuilder.php(2332): CodeIgniter\Database\BaseConnection->query('INSERT INTO `in...', Array, false)
#4 C:\laragon\www\pproyecto_final_g4-\system\Model.php(394): CodeIgniter\Database\BaseBuilder->insert()
#5 C:\laragon\www\pproyecto_final_g4-\system\BaseModel.php(840): CodeIgniter\Model->doInsert(Array)
#6 C:\laragon\www\pproyecto_final_g4-\system\Model.php(802): CodeIgniter\BaseModel->insert(Array, false)
#7 C:\laragon\www\pproyecto_final_g4-\system\BaseModel.php(751): CodeIgniter\Model->insert(Array, false)
#8 C:\laragon\www\pproyecto_final_g4-\app\Controllers\InventarioController.php(25): CodeIgniter\BaseModel->save(Array)
#9 C:\laragon\www\pproyecto_final_g4-\system\CodeIgniter.php(933): App\Controllers\InventarioController->nuevoInventario()
#10 C:\laragon\www\pproyecto_final_g4-\system\CodeIgniter.php(509): CodeIgniter\CodeIgniter->runController(Object(App\Controllers\InventarioController))
#11 C:\laragon\www\pproyecto_final_g4-\system\CodeIgniter.php(355): CodeIgniter\CodeIgniter->handleRequest(NULL, Object(Config\Cache), false)
#12 C:\laragon\www\pproyecto_final_g4-\system\Boot.php(325): CodeIgniter\CodeIgniter->run()
#13 C:\laragon\www\pproyecto_final_g4-\system\Boot.php(67): CodeIgniter\Boot::runCodeIgniter(Object(CodeIgniter\CodeIgniter))
#14 C:\laragon\www\pproyecto_final_g4-\public\index.php(56): CodeIgniter\Boot::bootWeb(Object(Config\Paths))
#15 {main}
CRITICAL - 2024-11-10 20:03:44 --> CodeIgniter\Database\Exceptions\DatabaseException: Unknown column 'accesorio' in 'field list'
[Method: GET, Route: inventario/nuevo]
in SYSTEMPATH\Database\BaseConnection.php on line 688.
 1 SYSTEMPATH\Database\BaseBuilder.php(2332): CodeIgniter\Database\BaseConnection->query('INSERT INTO `inventario` (`accesorio`, `cantidad`, `precio`, `ubicacion`, `fecha_ingreso`) VALUES (:accesorio:, :cantidad:, :precio:, :ubicacion:, :fecha_ingreso:)', [...], false)
 2 SYSTEMPATH\Model.php(394): CodeIgniter\Database\BaseBuilder->insert()
 3 SYSTEMPATH\BaseModel.php(840): CodeIgniter\Model->doInsert([...])
 4 SYSTEMPATH\Model.php(802): CodeIgniter\BaseModel->insert([...], false)
 5 SYSTEMPATH\BaseModel.php(751): CodeIgniter\Model->insert([...], false)
 6 APPPATH\Controllers\InventarioController.php(25): CodeIgniter\BaseModel->save([...])
 7 SYSTEMPATH\CodeIgniter.php(933): App\Controllers\InventarioController->nuevoInventario()
 8 SYSTEMPATH\CodeIgniter.php(509): CodeIgniter\CodeIgniter->runController(Object(App\Controllers\InventarioController))
 9 SYSTEMPATH\CodeIgniter.php(355): CodeIgniter\CodeIgniter->handleRequest(null, Object(Config\Cache), false)
10 SYSTEMPATH\Boot.php(325): CodeIgniter\CodeIgniter->run()
11 SYSTEMPATH\Boot.php(67): CodeIgniter\Boot::runCodeIgniter(Object(CodeIgniter\CodeIgniter))
12 FCPATH\index.php(56): CodeIgniter\Boot::bootWeb(Object(Config\Paths))
CRITICAL - 2024-11-10 20:03:44 --> [Caused by] CodeIgniter\Database\Exceptions\DatabaseException: Unknown column 'accesorio' in 'field list'
in SYSTEMPATH\Database\MySQLi\Connection.php on line 317.
 1 SYSTEMPATH\Database\BaseConnection.php(734): CodeIgniter\Database\MySQLi\Connection->execute('INSERT INTO `inventario` (`accesorio`, `cantidad`, `precio`, `ubicacion`, `fecha_ingreso`) VALUES (\'Accesorio ejemplo\', 1, 0, \'Ubicación predeterminada\', \'2024-11-10 20:03:44\')')
 2 SYSTEMPATH\Database\BaseConnection.php(648): CodeIgniter\Database\BaseConnection->simpleQuery('INSERT INTO `inventario` (`accesorio`, `cantidad`, `precio`, `ubicacion`, `fecha_ingreso`) VALUES (\'Accesorio ejemplo\', 1, 0, \'Ubicación predeterminada\', \'2024-11-10 20:03:44\')')
 3 SYSTEMPATH\Database\BaseBuilder.php(2332): CodeIgniter\Database\BaseConnection->query('INSERT INTO `inventario` (`accesorio`, `cantidad`, `precio`, `ubicacion`, `fecha_ingreso`) VALUES (:accesorio:, :cantidad:, :precio:, :ubicacion:, :fecha_ingreso:)', [...], false)
 4 SYSTEMPATH\Model.php(394): CodeIgniter\Database\BaseBuilder->insert()
 5 SYSTEMPATH\BaseModel.php(840): CodeIgniter\Model->doInsert([...])
 6 SYSTEMPATH\Model.php(802): CodeIgniter\BaseModel->insert([...], false)
 7 SYSTEMPATH\BaseModel.php(751): CodeIgniter\Model->insert([...], false)
 8 APPPATH\Controllers\InventarioController.php(25): CodeIgniter\BaseModel->save([...])
 9 SYSTEMPATH\CodeIgniter.php(933): App\Controllers\InventarioController->nuevoInventario()
10 SYSTEMPATH\CodeIgniter.php(509): CodeIgniter\CodeIgniter->runController(Object(App\Controllers\InventarioController))
11 SYSTEMPATH\CodeIgniter.php(355): CodeIgniter\CodeIgniter->handleRequest(null, Object(Config\Cache), false)
12 SYSTEMPATH\Boot.php(325): CodeIgniter\CodeIgniter->run()
13 SYSTEMPATH\Boot.php(67): CodeIgniter\Boot::runCodeIgniter(Object(CodeIgniter\CodeIgniter))
14 FCPATH\index.php(56): CodeIgniter\Boot::bootWeb(Object(Config\Paths))
CRITICAL - 2024-11-10 20:03:44 --> [Caused by] mysqli_sql_exception: Unknown column 'accesorio' in 'field list'
in SYSTEMPATH\Database\MySQLi\Connection.php on line 312.
 1 SYSTEMPATH\Database\MySQLi\Connection.php(312): mysqli->query('INSERT INTO `inventario` (`accesorio`, `cantidad`, `precio`, `ubicacion`, `fecha_ingreso`) VALUES (\'Accesorio ejemplo\', 1, 0, \'Ubicación predeterminada\', \'2024-11-10 20:03:44\')', 0)
 2 SYSTEMPATH\Database\BaseConnection.php(734): CodeIgniter\Database\MySQLi\Connection->execute('INSERT INTO `inventario` (`accesorio`, `cantidad`, `precio`, `ubicacion`, `fecha_ingreso`) VALUES (\'Accesorio ejemplo\', 1, 0, \'Ubicación predeterminada\', \'2024-11-10 20:03:44\')')
 3 SYSTEMPATH\Database\BaseConnection.php(648): CodeIgniter\Database\BaseConnection->simpleQuery('INSERT INTO `inventario` (`accesorio`, `cantidad`, `precio`, `ubicacion`, `fecha_ingreso`) VALUES (\'Accesorio ejemplo\', 1, 0, \'Ubicación predeterminada\', \'2024-11-10 20:03:44\')')
 4 SYSTEMPATH\Database\BaseBuilder.php(2332): CodeIgniter\Database\BaseConnection->query('INSERT INTO `inventario` (`accesorio`, `cantidad`, `precio`, `ubicacion`, `fecha_ingreso`) VALUES (:accesorio:, :cantidad:, :precio:, :ubicacion:, :fecha_ingreso:)', [...], false)
 5 SYSTEMPATH\Model.php(394): CodeIgniter\Database\BaseBuilder->insert()
 6 SYSTEMPATH\BaseModel.php(840): CodeIgniter\Model->doInsert([...])
 7 SYSTEMPATH\Model.php(802): CodeIgniter\BaseModel->insert([...], false)
 8 SYSTEMPATH\BaseModel.php(751): CodeIgniter\Model->insert([...], false)
 9 APPPATH\Controllers\InventarioController.php(25): CodeIgniter\BaseModel->save([...])
10 SYSTEMPATH\CodeIgniter.php(933): App\Controllers\InventarioController->nuevoInventario()
11 SYSTEMPATH\CodeIgniter.php(509): CodeIgniter\CodeIgniter->runController(Object(App\Controllers\InventarioController))
12 SYSTEMPATH\CodeIgniter.php(355): CodeIgniter\CodeIgniter->handleRequest(null, Object(Config\Cache), false)
13 SYSTEMPATH\Boot.php(325): CodeIgniter\CodeIgniter->run()
14 SYSTEMPATH\Boot.php(67): CodeIgniter\Boot::runCodeIgniter(Object(CodeIgniter\CodeIgniter))
15 FCPATH\index.php(56): CodeIgniter\Boot::bootWeb(Object(Config\Paths))
ERROR - 2024-11-10 20:17:00 --> mysqli_sql_exception: Unknown column 'accesorio' in 'field list' in C:\laragon\www\pproyecto_final_g4-\system\Database\MySQLi\Connection.php:312
Stack trace:
#0 C:\laragon\www\pproyecto_final_g4-\system\Database\MySQLi\Connection.php(312): mysqli->query('INSERT INTO `in...', 0)
#1 C:\laragon\www\pproyecto_final_g4-\system\Database\BaseConnection.php(734): CodeIgniter\Database\MySQLi\Connection->execute('INSERT INTO `in...')
#2 C:\laragon\www\pproyecto_final_g4-\system\Database\BaseConnection.php(648): CodeIgniter\Database\BaseConnection->simpleQuery('INSERT INTO `in...')
#3 C:\laragon\www\pproyecto_final_g4-\system\Database\BaseBuilder.php(2332): CodeIgniter\Database\BaseConnection->query('INSERT INTO `in...', Array, false)
#4 C:\laragon\www\pproyecto_final_g4-\system\Model.php(394): CodeIgniter\Database\BaseBuilder->insert()
#5 C:\laragon\www\pproyecto_final_g4-\system\BaseModel.php(840): CodeIgniter\Model->doInsert(Array)
#6 C:\laragon\www\pproyecto_final_g4-\system\Model.php(802): CodeIgniter\BaseModel->insert(Array, false)
#7 C:\laragon\www\pproyecto_final_g4-\system\BaseModel.php(751): CodeIgniter\Model->insert(Array, false)
#8 C:\laragon\www\pproyecto_final_g4-\app\Controllers\InventarioController.php(25): CodeIgniter\BaseModel->save(Array)
#9 C:\laragon\www\pproyecto_final_g4-\system\CodeIgniter.php(933): App\Controllers\InventarioController->nuevoInventario()
#10 C:\laragon\www\pproyecto_final_g4-\system\CodeIgniter.php(509): CodeIgniter\CodeIgniter->runController(Object(App\Controllers\InventarioController))
#11 C:\laragon\www\pproyecto_final_g4-\system\CodeIgniter.php(355): CodeIgniter\CodeIgniter->handleRequest(NULL, Object(Config\Cache), false)
#12 C:\laragon\www\pproyecto_final_g4-\system\Boot.php(325): CodeIgniter\CodeIgniter->run()
#13 C:\laragon\www\pproyecto_final_g4-\system\Boot.php(67): CodeIgniter\Boot::runCodeIgniter(Object(CodeIgniter\CodeIgniter))
#14 C:\laragon\www\pproyecto_final_g4-\public\index.php(56): CodeIgniter\Boot::bootWeb(Object(Config\Paths))
#15 {main}
CRITICAL - 2024-11-10 20:17:00 --> CodeIgniter\Database\Exceptions\DatabaseException: Unknown column 'accesorio' in 'field list'
[Method: GET, Route: inventario/nuevo]
in SYSTEMPATH\Database\BaseConnection.php on line 688.
 1 SYSTEMPATH\Database\BaseBuilder.php(2332): CodeIgniter\Database\BaseConnection->query('INSERT INTO `inventario` (`accesorio`, `cantidad`, `precio`, `ubicacion`, `fecha_ingreso`) VALUES (:accesorio:, :cantidad:, :precio:, :ubicacion:, :fecha_ingreso:)', [...], false)
 2 SYSTEMPATH\Model.php(394): CodeIgniter\Database\BaseBuilder->insert()
 3 SYSTEMPATH\BaseModel.php(840): CodeIgniter\Model->doInsert([...])
 4 SYSTEMPATH\Model.php(802): CodeIgniter\BaseModel->insert([...], false)
 5 SYSTEMPATH\BaseModel.php(751): CodeIgniter\Model->insert([...], false)
 6 APPPATH\Controllers\InventarioController.php(25): CodeIgniter\BaseModel->save([...])
 7 SYSTEMPATH\CodeIgniter.php(933): App\Controllers\InventarioController->nuevoInventario()
 8 SYSTEMPATH\CodeIgniter.php(509): CodeIgniter\CodeIgniter->runController(Object(App\Controllers\InventarioController))
 9 SYSTEMPATH\CodeIgniter.php(355): CodeIgniter\CodeIgniter->handleRequest(null, Object(Config\Cache), false)
10 SYSTEMPATH\Boot.php(325): CodeIgniter\CodeIgniter->run()
11 SYSTEMPATH\Boot.php(67): CodeIgniter\Boot::runCodeIgniter(Object(CodeIgniter\CodeIgniter))
12 FCPATH\index.php(56): CodeIgniter\Boot::bootWeb(Object(Config\Paths))
CRITICAL - 2024-11-10 20:17:00 --> [Caused by] CodeIgniter\Database\Exceptions\DatabaseException: Unknown column 'accesorio' in 'field list'
in SYSTEMPATH\Database\MySQLi\Connection.php on line 317.
 1 SYSTEMPATH\Database\BaseConnection.php(734): CodeIgniter\Database\MySQLi\Connection->execute('INSERT INTO `inventario` (`accesorio`, `cantidad`, `precio`, `ubicacion`, `fecha_ingreso`) VALUES (\'Accesorio ejemplo\', 1, 0, \'Ubicación predeterminada\', \'2024-11-10 20:17:00\')')
 2 SYSTEMPATH\Database\BaseConnection.php(648): CodeIgniter\Database\BaseConnection->simpleQuery('INSERT INTO `inventario` (`accesorio`, `cantidad`, `precio`, `ubicacion`, `fecha_ingreso`) VALUES (\'Accesorio ejemplo\', 1, 0, \'Ubicación predeterminada\', \'2024-11-10 20:17:00\')')
 3 SYSTEMPATH\Database\BaseBuilder.php(2332): CodeIgniter\Database\BaseConnection->query('INSERT INTO `inventario` (`accesorio`, `cantidad`, `precio`, `ubicacion`, `fecha_ingreso`) VALUES (:accesorio:, :cantidad:, :precio:, :ubicacion:, :fecha_ingreso:)', [...], false)
 4 SYSTEMPATH\Model.php(394): CodeIgniter\Database\BaseBuilder->insert()
 5 SYSTEMPATH\BaseModel.php(840): CodeIgniter\Model->doInsert([...])
 6 SYSTEMPATH\Model.php(802): CodeIgniter\BaseModel->insert([...], false)
 7 SYSTEMPATH\BaseModel.php(751): CodeIgniter\Model->insert([...], false)
 8 APPPATH\Controllers\InventarioController.php(25): CodeIgniter\BaseModel->save([...])
 9 SYSTEMPATH\CodeIgniter.php(933): App\Controllers\InventarioController->nuevoInventario()
10 SYSTEMPATH\CodeIgniter.php(509): CodeIgniter\CodeIgniter->runController(Object(App\Controllers\InventarioController))
11 SYSTEMPATH\CodeIgniter.php(355): CodeIgniter\CodeIgniter->handleRequest(null, Object(Config\Cache), false)
12 SYSTEMPATH\Boot.php(325): CodeIgniter\CodeIgniter->run()
13 SYSTEMPATH\Boot.php(67): CodeIgniter\Boot::runCodeIgniter(Object(CodeIgniter\CodeIgniter))
14 FCPATH\index.php(56): CodeIgniter\Boot::bootWeb(Object(Config\Paths))
CRITICAL - 2024-11-10 20:17:00 --> [Caused by] mysqli_sql_exception: Unknown column 'accesorio' in 'field list'
in SYSTEMPATH\Database\MySQLi\Connection.php on line 312.
 1 SYSTEMPATH\Database\MySQLi\Connection.php(312): mysqli->query('INSERT INTO `inventario` (`accesorio`, `cantidad`, `precio`, `ubicacion`, `fecha_ingreso`) VALUES (\'Accesorio ejemplo\', 1, 0, \'Ubicación predeterminada\', \'2024-11-10 20:17:00\')', 0)
 2 SYSTEMPATH\Database\BaseConnection.php(734): CodeIgniter\Database\MySQLi\Connection->execute('INSERT INTO `inventario` (`accesorio`, `cantidad`, `precio`, `ubicacion`, `fecha_ingreso`) VALUES (\'Accesorio ejemplo\', 1, 0, \'Ubicación predeterminada\', \'2024-11-10 20:17:00\')')
 3 SYSTEMPATH\Database\BaseConnection.php(648): CodeIgniter\Database\BaseConnection->simpleQuery('INSERT INTO `inventario` (`accesorio`, `cantidad`, `precio`, `ubicacion`, `fecha_ingreso`) VALUES (\'Accesorio ejemplo\', 1, 0, \'Ubicación predeterminada\', \'2024-11-10 20:17:00\')')
 4 SYSTEMPATH\Database\BaseBuilder.php(2332): CodeIgniter\Database\BaseConnection->query('INSERT INTO `inventario` (`accesorio`, `cantidad`, `precio`, `ubicacion`, `fecha_ingreso`) VALUES (:accesorio:, :cantidad:, :precio:, :ubicacion:, :fecha_ingreso:)', [...], false)
 5 SYSTEMPATH\Model.php(394): CodeIgniter\Database\BaseBuilder->insert()
 6 SYSTEMPATH\BaseModel.php(840): CodeIgniter\Model->doInsert([...])
 7 SYSTEMPATH\Model.php(802): CodeIgniter\BaseModel->insert([...], false)
 8 SYSTEMPATH\BaseModel.php(751): CodeIgniter\Model->insert([...], false)
 9 APPPATH\Controllers\InventarioController.php(25): CodeIgniter\BaseModel->save([...])
10 SYSTEMPATH\CodeIgniter.php(933): App\Controllers\InventarioController->nuevoInventario()
11 SYSTEMPATH\CodeIgniter.php(509): CodeIgniter\CodeIgniter->runController(Object(App\Controllers\InventarioController))
12 SYSTEMPATH\CodeIgniter.php(355): CodeIgniter\CodeIgniter->handleRequest(null, Object(Config\Cache), false)
13 SYSTEMPATH\Boot.php(325): CodeIgniter\CodeIgniter->run()
14 SYSTEMPATH\Boot.php(67): CodeIgniter\Boot::runCodeIgniter(Object(CodeIgniter\CodeIgniter))
15 FCPATH\index.php(56): CodeIgniter\Boot::bootWeb(Object(Config\Paths))
CRITICAL - 2024-11-10 20:17:22 --> CodeIgniter\HTTP\Exceptions\BadRequestException: The URI you submitted has disallowed characters: "nuevo,php"
[Method: GET, Route: inventario/nuevo,php]
in SYSTEMPATH\Router\Router.php on line 737.
 1 SYSTEMPATH\Router\Router.php(204): CodeIgniter\Router\Router->checkDisallowedChars('inventario/nuevo,php')
 2 SYSTEMPATH\CodeIgniter.php(834): CodeIgniter\Router\Router->handle('inventario/nuevo,php')
 3 SYSTEMPATH\CodeIgniter.php(457): CodeIgniter\CodeIgniter->tryToRouteIt(Object(CodeIgniter\Router\RouteCollection))
 4 SYSTEMPATH\CodeIgniter.php(355): CodeIgniter\CodeIgniter->handleRequest(null, Object(Config\Cache), false)
 5 SYSTEMPATH\Boot.php(325): CodeIgniter\CodeIgniter->run()
 6 SYSTEMPATH\Boot.php(67): CodeIgniter\Boot::runCodeIgniter(Object(CodeIgniter\CodeIgniter))
 7 FCPATH\index.php(56): CodeIgniter\Boot::bootWeb(Object(Config\Paths))
CRITICAL - 2024-11-10 20:22:31 --> ErrorException: Undefined variable $inventarios
[Method: GET, Route: inventario]
in APPPATH\Views\inventario\index.php on line 25.
 1 APPPATH\Views\inventario\index.php(25): CodeIgniter\Debug\Exceptions->errorHandler(2, 'Undefined variable $inventarios', 'C:\\laragon\\www\\pproyecto_final_g4-\\app\\Views\\inventario\\index.php', 25)
 2 SYSTEMPATH\View\View.php(234): include('C:\\laragon\\www\\pproyecto_final_g4-\\app\\Views\\inventario\\index.php')
 3 SYSTEMPATH\View\View.php(237): CodeIgniter\View\View->CodeIgniter\View\{closure}()
 4 SYSTEMPATH\Common.php(1171): CodeIgniter\View\View->render('inventario/index', [], true)
 5 APPPATH\Controllers\InventarioController.php(14): view('inventario/index', [...])
 6 SYSTEMPATH\CodeIgniter.php(933): App\Controllers\InventarioController->index()
 7 SYSTEMPATH\CodeIgniter.php(509): CodeIgniter\CodeIgniter->runController(Object(App\Controllers\InventarioController))
 8 SYSTEMPATH\CodeIgniter.php(355): CodeIgniter\CodeIgniter->handleRequest(null, Object(Config\Cache), false)
 9 SYSTEMPATH\Boot.php(325): CodeIgniter\CodeIgniter->run()
10 SYSTEMPATH\Boot.php(67): CodeIgniter\Boot::runCodeIgniter(Object(CodeIgniter\CodeIgniter))
11 FCPATH\index.php(56): CodeIgniter\Boot::bootWeb(Object(Config\Paths))
CRITICAL - 2024-11-10 20:37:09 --> ErrorException: Undefined array key "accesorio"
[Method: GET, Route: inventario]
in APPPATH\Views\inventario\index.php on line 28.
 1 APPPATH\Views\inventario\index.php(28): CodeIgniter\Debug\Exceptions->errorHandler(2, 'Undefined array key "accesorio"', 'C:\\laragon\\www\\pproyecto_final_g4-\\app\\Views\\inventario\\index.php', 28)
 2 SYSTEMPATH\View\View.php(234): include('C:\\laragon\\www\\pproyecto_final_g4-\\app\\Views\\inventario\\index.php')
 3 SYSTEMPATH\View\View.php(237): CodeIgniter\View\View->CodeIgniter\View\{closure}()
 4 SYSTEMPATH\Common.php(1171): CodeIgniter\View\View->render('inventario/index', [], true)
 5 APPPATH\Controllers\InventarioController.php(14): view('inventario/index', [...])
 6 SYSTEMPATH\CodeIgniter.php(933): App\Controllers\InventarioController->index()
 7 SYSTEMPATH\CodeIgniter.php(509): CodeIgniter\CodeIgniter->runController(Object(App\Controllers\InventarioController))
 8 SYSTEMPATH\CodeIgniter.php(355): CodeIgniter\CodeIgniter->handleRequest(null, Object(Config\Cache), false)
 9 SYSTEMPATH\Boot.php(325): CodeIgniter\CodeIgniter->run()
10 SYSTEMPATH\Boot.php(67): CodeIgniter\Boot::runCodeIgniter(Object(CodeIgniter\CodeIgniter))
11 FCPATH\index.php(56): CodeIgniter\Boot::bootWeb(Object(Config\Paths))
CRITICAL - 2024-11-10 20:48:07 --> ErrorException: Undefined variable $inventario
[Method: GET, Route: inventario]
in APPPATH\Views\inventario\index.php on line 25.
 1 APPPATH\Views\inventario\index.php(25): CodeIgniter\Debug\Exceptions->errorHandler(2, 'Undefined variable $inventario', 'C:\\laragon\\www\\pproyecto_final_g4-\\app\\Views\\inventario\\index.php', 25)
 2 SYSTEMPATH\View\View.php(234): include('C:\\laragon\\www\\pproyecto_final_g4-\\app\\Views\\inventario\\index.php')
 3 SYSTEMPATH\View\View.php(237): CodeIgniter\View\View->CodeIgniter\View\{closure}()
 4 SYSTEMPATH\Common.php(1171): CodeIgniter\View\View->render('inventario/index', [], true)
 5 APPPATH\Controllers\InventarioController.php(15): view('inventario/index', [...])
 6 SYSTEMPATH\CodeIgniter.php(933): App\Controllers\InventarioController->index()
 7 SYSTEMPATH\CodeIgniter.php(509): CodeIgniter\CodeIgniter->runController(Object(App\Controllers\InventarioController))
 8 SYSTEMPATH\CodeIgniter.php(355): CodeIgniter\CodeIgniter->handleRequest(null, Object(Config\Cache), false)
 9 SYSTEMPATH\Boot.php(325): CodeIgniter\CodeIgniter->run()
10 SYSTEMPATH\Boot.php(67): CodeIgniter\Boot::runCodeIgniter(Object(CodeIgniter\CodeIgniter))
11 FCPATH\index.php(56): CodeIgniter\Boot::bootWeb(Object(Config\Paths))
ERROR - 2024-11-10 20:52:13 --> mysqli_sql_exception: Unknown column 'accesorio' in 'field list' in C:\laragon\www\pproyecto_final_g4-\system\Database\MySQLi\Connection.php:312
Stack trace:
#0 C:\laragon\www\pproyecto_final_g4-\system\Database\MySQLi\Connection.php(312): mysqli->query('INSERT INTO `in...', 0)
#1 C:\laragon\www\pproyecto_final_g4-\system\Database\BaseConnection.php(734): CodeIgniter\Database\MySQLi\Connection->execute('INSERT INTO `in...')
#2 C:\laragon\www\pproyecto_final_g4-\system\Database\BaseConnection.php(648): CodeIgniter\Database\BaseConnection->simpleQuery('INSERT INTO `in...')
#3 C:\laragon\www\pproyecto_final_g4-\system\Database\BaseBuilder.php(2332): CodeIgniter\Database\BaseConnection->query('INSERT INTO `in...', Array, false)
#4 C:\laragon\www\pproyecto_final_g4-\system\Model.php(394): CodeIgniter\Database\BaseBuilder->insert()
#5 C:\laragon\www\pproyecto_final_g4-\system\BaseModel.php(840): CodeIgniter\Model->doInsert(Array)
#6 C:\laragon\www\pproyecto_final_g4-\system\Model.php(802): CodeIgniter\BaseModel->insert(Array, false)
#7 C:\laragon\www\pproyecto_final_g4-\system\BaseModel.php(751): CodeIgniter\Model->insert(Array, false)
#8 C:\laragon\www\pproyecto_final_g4-\app\Controllers\InventarioController.php(39): CodeIgniter\BaseModel->save(Array)
#9 C:\laragon\www\pproyecto_final_g4-\system\CodeIgniter.php(933): App\Controllers\InventarioController->guardar()
#10 C:\laragon\www\pproyecto_final_g4-\system\CodeIgniter.php(509): CodeIgniter\CodeIgniter->runController(Object(App\Controllers\InventarioController))
#11 C:\laragon\www\pproyecto_final_g4-\system\CodeIgniter.php(355): CodeIgniter\CodeIgniter->handleRequest(NULL, Object(Config\Cache), false)
#12 C:\laragon\www\pproyecto_final_g4-\system\Boot.php(325): CodeIgniter\CodeIgniter->run()
#13 C:\laragon\www\pproyecto_final_g4-\system\Boot.php(67): CodeIgniter\Boot::runCodeIgniter(Object(CodeIgniter\CodeIgniter))
#14 C:\laragon\www\pproyecto_final_g4-\public\index.php(56): CodeIgniter\Boot::bootWeb(Object(Config\Paths))
#15 {main}
CRITICAL - 2024-11-10 20:52:13 --> CodeIgniter\Database\Exceptions\DatabaseException: Unknown column 'accesorio' in 'field list'
[Method: POST, Route: inventario/guardar]
in SYSTEMPATH\Database\BaseConnection.php on line 688.
 1 SYSTEMPATH\Database\BaseBuilder.php(2332): CodeIgniter\Database\BaseConnection->query('INSERT INTO `inventario` (`accesorio`, `cantidad`, `precio`, `ubicacion`, `fecha_ingreso`) VALUES (:accesorio:, :cantidad:, :precio:, :ubicacion:, :fecha_ingreso:)', [...], false)
 2 SYSTEMPATH\Model.php(394): CodeIgniter\Database\BaseBuilder->insert()
 3 SYSTEMPATH\BaseModel.php(840): CodeIgniter\Model->doInsert([...])
 4 SYSTEMPATH\Model.php(802): CodeIgniter\BaseModel->insert([...], false)
 5 SYSTEMPATH\BaseModel.php(751): CodeIgniter\Model->insert([...], false)
 6 APPPATH\Controllers\InventarioController.php(39): CodeIgniter\BaseModel->save([...])
 7 SYSTEMPATH\CodeIgniter.php(933): App\Controllers\InventarioController->guardar()
 8 SYSTEMPATH\CodeIgniter.php(509): CodeIgniter\CodeIgniter->runController(Object(App\Controllers\InventarioController))
 9 SYSTEMPATH\CodeIgniter.php(355): CodeIgniter\CodeIgniter->handleRequest(null, Object(Config\Cache), false)
10 SYSTEMPATH\Boot.php(325): CodeIgniter\CodeIgniter->run()
11 SYSTEMPATH\Boot.php(67): CodeIgniter\Boot::runCodeIgniter(Object(CodeIgniter\CodeIgniter))
12 FCPATH\index.php(56): CodeIgniter\Boot::bootWeb(Object(Config\Paths))
CRITICAL - 2024-11-10 20:52:13 --> [Caused by] CodeIgniter\Database\Exceptions\DatabaseException: Unknown column 'accesorio' in 'field list'
in SYSTEMPATH\Database\MySQLi\Connection.php on line 317.
 1 SYSTEMPATH\Database\BaseConnection.php(734): CodeIgniter\Database\MySQLi\Connection->execute('INSERT INTO `inventario` (`accesorio`, `cantidad`, `precio`, `ubicacion`, `fecha_ingreso`) VALUES (\'3\', \'100\', \'350.00\', \'zona 1\', \'2024-11-10 20:52:13\')')
 2 SYSTEMPATH\Database\BaseConnection.php(648): CodeIgniter\Database\BaseConnection->simpleQuery('INSERT INTO `inventario` (`accesorio`, `cantidad`, `precio`, `ubicacion`, `fecha_ingreso`) VALUES (\'3\', \'100\', \'350.00\', \'zona 1\', \'2024-11-10 20:52:13\')')
 3 SYSTEMPATH\Database\BaseBuilder.php(2332): CodeIgniter\Database\BaseConnection->query('INSERT INTO `inventario` (`accesorio`, `cantidad`, `precio`, `ubicacion`, `fecha_ingreso`) VALUES (:accesorio:, :cantidad:, :precio:, :ubicacion:, :fecha_ingreso:)', [...], false)
 4 SYSTEMPATH\Model.php(394): CodeIgniter\Database\BaseBuilder->insert()
 5 SYSTEMPATH\BaseModel.php(840): CodeIgniter\Model->doInsert([...])
 6 SYSTEMPATH\Model.php(802): CodeIgniter\BaseModel->insert([...], false)
 7 SYSTEMPATH\BaseModel.php(751): CodeIgniter\Model->insert([...], false)
 8 APPPATH\Controllers\InventarioController.php(39): CodeIgniter\BaseModel->save([...])
 9 SYSTEMPATH\CodeIgniter.php(933): App\Controllers\InventarioController->guardar()
10 SYSTEMPATH\CodeIgniter.php(509): CodeIgniter\CodeIgniter->runController(Object(App\Controllers\InventarioController))
11 SYSTEMPATH\CodeIgniter.php(355): CodeIgniter\CodeIgniter->handleRequest(null, Object(Config\Cache), false)
12 SYSTEMPATH\Boot.php(325): CodeIgniter\CodeIgniter->run()
13 SYSTEMPATH\Boot.php(67): CodeIgniter\Boot::runCodeIgniter(Object(CodeIgniter\CodeIgniter))
14 FCPATH\index.php(56): CodeIgniter\Boot::bootWeb(Object(Config\Paths))
CRITICAL - 2024-11-10 20:52:13 --> [Caused by] mysqli_sql_exception: Unknown column 'accesorio' in 'field list'
in SYSTEMPATH\Database\MySQLi\Connection.php on line 312.
 1 SYSTEMPATH\Database\MySQLi\Connection.php(312): mysqli->query('INSERT INTO `inventario` (`accesorio`, `cantidad`, `precio`, `ubicacion`, `fecha_ingreso`) VALUES (\'3\', \'100\', \'350.00\', \'zona 1\', \'2024-11-10 20:52:13\')', 0)
 2 SYSTEMPATH\Database\BaseConnection.php(734): CodeIgniter\Database\MySQLi\Connection->execute('INSERT INTO `inventario` (`accesorio`, `cantidad`, `precio`, `ubicacion`, `fecha_ingreso`) VALUES (\'3\', \'100\', \'350.00\', \'zona 1\', \'2024-11-10 20:52:13\')')
 3 SYSTEMPATH\Database\BaseConnection.php(648): CodeIgniter\Database\BaseConnection->simpleQuery('INSERT INTO `inventario` (`accesorio`, `cantidad`, `precio`, `ubicacion`, `fecha_ingreso`) VALUES (\'3\', \'100\', \'350.00\', \'zona 1\', \'2024-11-10 20:52:13\')')
 4 SYSTEMPATH\Database\BaseBuilder.php(2332): CodeIgniter\Database\BaseConnection->query('INSERT INTO `inventario` (`accesorio`, `cantidad`, `precio`, `ubicacion`, `fecha_ingreso`) VALUES (:accesorio:, :cantidad:, :precio:, :ubicacion:, :fecha_ingreso:)', [...], false)
 5 SYSTEMPATH\Model.php(394): CodeIgniter\Database\BaseBuilder->insert()
 6 SYSTEMPATH\BaseModel.php(840): CodeIgniter\Model->doInsert([...])
 7 SYSTEMPATH\Model.php(802): CodeIgniter\BaseModel->insert([...], false)
 8 SYSTEMPATH\BaseModel.php(751): CodeIgniter\Model->insert([...], false)
 9 APPPATH\Controllers\InventarioController.php(39): CodeIgniter\BaseModel->save([...])
10 SYSTEMPATH\CodeIgniter.php(933): App\Controllers\InventarioController->guardar()
11 SYSTEMPATH\CodeIgniter.php(509): CodeIgniter\CodeIgniter->runController(Object(App\Controllers\InventarioController))
12 SYSTEMPATH\CodeIgniter.php(355): CodeIgniter\CodeIgniter->handleRequest(null, Object(Config\Cache), false)
13 SYSTEMPATH\Boot.php(325): CodeIgniter\CodeIgniter->run()
14 SYSTEMPATH\Boot.php(67): CodeIgniter\Boot::runCodeIgniter(Object(CodeIgniter\CodeIgniter))
15 FCPATH\index.php(56): CodeIgniter\Boot::bootWeb(Object(Config\Paths))
CRITICAL - 2024-11-10 21:01:43 --> ErrorException: Undefined variable $inventarios
[Method: GET, Route: inventario]
in APPPATH\Views\inventario\index.php on line 25.
 1 APPPATH\Views\inventario\index.php(25): CodeIgniter\Debug\Exceptions->errorHandler(2, 'Undefined variable $inventarios', 'C:\\laragon\\www\\pproyecto_final_g4-\\app\\Views\\inventario\\index.php', 25)
 2 SYSTEMPATH\View\View.php(234): include('C:\\laragon\\www\\pproyecto_final_g4-\\app\\Views\\inventario\\index.php')
 3 SYSTEMPATH\View\View.php(237): CodeIgniter\View\View->CodeIgniter\View\{closure}()
 4 SYSTEMPATH\Common.php(1171): CodeIgniter\View\View->render('inventario/index', [], true)
 5 APPPATH\Controllers\InventarioController.php(14): view('inventario/index', [...])
 6 SYSTEMPATH\CodeIgniter.php(933): App\Controllers\InventarioController->index()
 7 SYSTEMPATH\CodeIgniter.php(509): CodeIgniter\CodeIgniter->runController(Object(App\Controllers\InventarioController))
 8 SYSTEMPATH\CodeIgniter.php(355): CodeIgniter\CodeIgniter->handleRequest(null, Object(Config\Cache), false)
 9 SYSTEMPATH\Boot.php(325): CodeIgniter\CodeIgniter->run()
10 SYSTEMPATH\Boot.php(67): CodeIgniter\Boot::runCodeIgniter(Object(CodeIgniter\CodeIgniter))
11 FCPATH\index.php(56): CodeIgniter\Boot::bootWeb(Object(Config\Paths))
CRITICAL - 2024-11-10 21:02:49 --> ErrorException: Undefined variable $inventarios
[Method: GET, Route: inventario]
in APPPATH\Views\inventario\index.php on line 25.
 1 APPPATH\Views\inventario\index.php(25): CodeIgniter\Debug\Exceptions->errorHandler(2, 'Undefined variable $inventarios', 'C:\\laragon\\www\\pproyecto_final_g4-\\app\\Views\\inventario\\index.php', 25)
 2 SYSTEMPATH\View\View.php(234): include('C:\\laragon\\www\\pproyecto_final_g4-\\app\\Views\\inventario\\index.php')
 3 SYSTEMPATH\View\View.php(237): CodeIgniter\View\View->CodeIgniter\View\{closure}()
 4 SYSTEMPATH\Common.php(1171): CodeIgniter\View\View->render('inventario/index', [], true)
 5 APPPATH\Controllers\InventarioController.php(14): view('inventario/index', [...])
 6 SYSTEMPATH\CodeIgniter.php(933): App\Controllers\InventarioController->index()
 7 SYSTEMPATH\CodeIgniter.php(509): CodeIgniter\CodeIgniter->runController(Object(App\Controllers\InventarioController))
 8 SYSTEMPATH\CodeIgniter.php(355): CodeIgniter\CodeIgniter->handleRequest(null, Object(Config\Cache), false)
 9 SYSTEMPATH\Boot.php(325): CodeIgniter\CodeIgniter->run()
10 SYSTEMPATH\Boot.php(67): CodeIgniter\Boot::runCodeIgniter(Object(CodeIgniter\CodeIgniter))
11 FCPATH\index.php(56): CodeIgniter\Boot::bootWeb(Object(Config\Paths))
ERROR - 2024-11-10 21:03:46 --> mysqli_sql_exception: Unknown column 'accesorio' in 'field list' in C:\laragon\www\pproyecto_final_g4-\system\Database\MySQLi\Connection.php:312
Stack trace:
#0 C:\laragon\www\pproyecto_final_g4-\system\Database\MySQLi\Connection.php(312): mysqli->query('INSERT INTO `in...', 0)
#1 C:\laragon\www\pproyecto_final_g4-\system\Database\BaseConnection.php(734): CodeIgniter\Database\MySQLi\Connection->execute('INSERT INTO `in...')
#2 C:\laragon\www\pproyecto_final_g4-\system\Database\BaseConnection.php(648): CodeIgniter\Database\BaseConnection->simpleQuery('INSERT INTO `in...')
#3 C:\laragon\www\pproyecto_final_g4-\system\Database\BaseBuilder.php(2332): CodeIgniter\Database\BaseConnection->query('INSERT INTO `in...', Array, false)
#4 C:\laragon\www\pproyecto_final_g4-\system\Model.php(394): CodeIgniter\Database\BaseBuilder->insert()
#5 C:\laragon\www\pproyecto_final_g4-\system\BaseModel.php(840): CodeIgniter\Model->doInsert(Array)
#6 C:\laragon\www\pproyecto_final_g4-\system\Model.php(802): CodeIgniter\BaseModel->insert(Array, false)
#7 C:\laragon\www\pproyecto_final_g4-\system\BaseModel.php(751): CodeIgniter\Model->insert(Array, false)
#8 C:\laragon\www\pproyecto_final_g4-\app\Controllers\InventarioController.php(39): CodeIgniter\BaseModel->save(Array)
#9 C:\laragon\www\pproyecto_final_g4-\system\CodeIgniter.php(933): App\Controllers\InventarioController->guardar()
#10 C:\laragon\www\pproyecto_final_g4-\system\CodeIgniter.php(509): CodeIgniter\CodeIgniter->runController(Object(App\Controllers\InventarioController))
#11 C:\laragon\www\pproyecto_final_g4-\system\CodeIgniter.php(355): CodeIgniter\CodeIgniter->handleRequest(NULL, Object(Config\Cache), false)
#12 C:\laragon\www\pproyecto_final_g4-\system\Boot.php(325): CodeIgniter\CodeIgniter->run()
#13 C:\laragon\www\pproyecto_final_g4-\system\Boot.php(67): CodeIgniter\Boot::runCodeIgniter(Object(CodeIgniter\CodeIgniter))
#14 C:\laragon\www\pproyecto_final_g4-\public\index.php(56): CodeIgniter\Boot::bootWeb(Object(Config\Paths))
#15 {main}
CRITICAL - 2024-11-10 21:03:46 --> CodeIgniter\Database\Exceptions\DatabaseException: Unknown column 'accesorio' in 'field list'
[Method: POST, Route: inventario/guardar]
in SYSTEMPATH\Database\BaseConnection.php on line 688.
 1 SYSTEMPATH\Database\BaseBuilder.php(2332): CodeIgniter\Database\BaseConnection->query('INSERT INTO `inventario` (`accesorio`, `cantidad`, `precio`, `ubicacion`, `fecha_ingreso`) VALUES (:accesorio:, :cantidad:, :precio:, :ubicacion:, :fecha_ingreso:)', [...], false)
 2 SYSTEMPATH\Model.php(394): CodeIgniter\Database\BaseBuilder->insert()
 3 SYSTEMPATH\BaseModel.php(840): CodeIgniter\Model->doInsert([...])
 4 SYSTEMPATH\Model.php(802): CodeIgniter\BaseModel->insert([...], false)
 5 SYSTEMPATH\BaseModel.php(751): CodeIgniter\Model->insert([...], false)
 6 APPPATH\Controllers\InventarioController.php(39): CodeIgniter\BaseModel->save([...])
 7 SYSTEMPATH\CodeIgniter.php(933): App\Controllers\InventarioController->guardar()
 8 SYSTEMPATH\CodeIgniter.php(509): CodeIgniter\CodeIgniter->runController(Object(App\Controllers\InventarioController))
 9 SYSTEMPATH\CodeIgniter.php(355): CodeIgniter\CodeIgniter->handleRequest(null, Object(Config\Cache), false)
10 SYSTEMPATH\Boot.php(325): CodeIgniter\CodeIgniter->run()
11 SYSTEMPATH\Boot.php(67): CodeIgniter\Boot::runCodeIgniter(Object(CodeIgniter\CodeIgniter))
12 FCPATH\index.php(56): CodeIgniter\Boot::bootWeb(Object(Config\Paths))
CRITICAL - 2024-11-10 21:03:46 --> [Caused by] CodeIgniter\Database\Exceptions\DatabaseException: Unknown column 'accesorio' in 'field list'
in SYSTEMPATH\Database\MySQLi\Connection.php on line 317.
 1 SYSTEMPATH\Database\BaseConnection.php(734): CodeIgniter\Database\MySQLi\Connection->execute('INSERT INTO `inventario` (`accesorio`, `cantidad`, `precio`, `ubicacion`, `fecha_ingreso`) VALUES (\'1\', \'100\', \'43\', \'.\', \'2024-11-10 21:03:46\')')
 2 SYSTEMPATH\Database\BaseConnection.php(648): CodeIgniter\Database\BaseConnection->simpleQuery('INSERT INTO `inventario` (`accesorio`, `cantidad`, `precio`, `ubicacion`, `fecha_ingreso`) VALUES (\'1\', \'100\', \'43\', \'.\', \'2024-11-10 21:03:46\')')
 3 SYSTEMPATH\Database\BaseBuilder.php(2332): CodeIgniter\Database\BaseConnection->query('INSERT INTO `inventario` (`accesorio`, `cantidad`, `precio`, `ubicacion`, `fecha_ingreso`) VALUES (:accesorio:, :cantidad:, :precio:, :ubicacion:, :fecha_ingreso:)', [...], false)
 4 SYSTEMPATH\Model.php(394): CodeIgniter\Database\BaseBuilder->insert()
 5 SYSTEMPATH\BaseModel.php(840): CodeIgniter\Model->doInsert([...])
 6 SYSTEMPATH\Model.php(802): CodeIgniter\BaseModel->insert([...], false)
 7 SYSTEMPATH\BaseModel.php(751): CodeIgniter\Model->insert([...], false)
 8 APPPATH\Controllers\InventarioController.php(39): CodeIgniter\BaseModel->save([...])
 9 SYSTEMPATH\CodeIgniter.php(933): App\Controllers\InventarioController->guardar()
10 SYSTEMPATH\CodeIgniter.php(509): CodeIgniter\CodeIgniter->runController(Object(App\Controllers\InventarioController))
11 SYSTEMPATH\CodeIgniter.php(355): CodeIgniter\CodeIgniter->handleRequest(null, Object(Config\Cache), false)
12 SYSTEMPATH\Boot.php(325): CodeIgniter\CodeIgniter->run()
13 SYSTEMPATH\Boot.php(67): CodeIgniter\Boot::runCodeIgniter(Object(CodeIgniter\CodeIgniter))
14 FCPATH\index.php(56): CodeIgniter\Boot::bootWeb(Object(Config\Paths))
CRITICAL - 2024-11-10 21:03:46 --> [Caused by] mysqli_sql_exception: Unknown column 'accesorio' in 'field list'
in SYSTEMPATH\Database\MySQLi\Connection.php on line 312.
 1 SYSTEMPATH\Database\MySQLi\Connection.php(312): mysqli->query('INSERT INTO `inventario` (`accesorio`, `cantidad`, `precio`, `ubicacion`, `fecha_ingreso`) VALUES (\'1\', \'100\', \'43\', \'.\', \'2024-11-10 21:03:46\')', 0)
 2 SYSTEMPATH\Database\BaseConnection.php(734): CodeIgniter\Database\MySQLi\Connection->execute('INSERT INTO `inventario` (`accesorio`, `cantidad`, `precio`, `ubicacion`, `fecha_ingreso`) VALUES (\'1\', \'100\', \'43\', \'.\', \'2024-11-10 21:03:46\')')
 3 SYSTEMPATH\Database\BaseConnection.php(648): CodeIgniter\Database\BaseConnection->simpleQuery('INSERT INTO `inventario` (`accesorio`, `cantidad`, `precio`, `ubicacion`, `fecha_ingreso`) VALUES (\'1\', \'100\', \'43\', \'.\', \'2024-11-10 21:03:46\')')
 4 SYSTEMPATH\Database\BaseBuilder.php(2332): CodeIgniter\Database\BaseConnection->query('INSERT INTO `inventario` (`accesorio`, `cantidad`, `precio`, `ubicacion`, `fecha_ingreso`) VALUES (:accesorio:, :cantidad:, :precio:, :ubicacion:, :fecha_ingreso:)', [...], false)
 5 SYSTEMPATH\Model.php(394): CodeIgniter\Database\BaseBuilder->insert()
 6 SYSTEMPATH\BaseModel.php(840): CodeIgniter\Model->doInsert([...])
 7 SYSTEMPATH\Model.php(802): CodeIgniter\BaseModel->insert([...], false)
 8 SYSTEMPATH\BaseModel.php(751): CodeIgniter\Model->insert([...], false)
 9 APPPATH\Controllers\InventarioController.php(39): CodeIgniter\BaseModel->save([...])
10 SYSTEMPATH\CodeIgniter.php(933): App\Controllers\InventarioController->guardar()
11 SYSTEMPATH\CodeIgniter.php(509): CodeIgniter\CodeIgniter->runController(Object(App\Controllers\InventarioController))
12 SYSTEMPATH\CodeIgniter.php(355): CodeIgniter\CodeIgniter->handleRequest(null, Object(Config\Cache), false)
13 SYSTEMPATH\Boot.php(325): CodeIgniter\CodeIgniter->run()
14 SYSTEMPATH\Boot.php(67): CodeIgniter\Boot::runCodeIgniter(Object(CodeIgniter\CodeIgniter))
15 FCPATH\index.php(56): CodeIgniter\Boot::bootWeb(Object(Config\Paths))
