ERROR - 2024-09-04 01:20:52 --> mysqli_sql_exception: Cannot add or update a child row: a foreign key constraint fails (`db_libros`.`libros`, CONSTRAINT `libros_ibfk_1` FOREIGN KEY (`editorial_id`) REFERENCES `editoriales` (`editorial_id`) ON DELETE CASCADE ON UPDATE CASCADE) in C:\xampp\htdocs\parcial1_pp\system\Database\MySQLi\Connection.php:312
Stack trace:
#0 C:\xampp\htdocs\parcial1_pp\system\Database\MySQLi\Connection.php(312): mysqli->query('INSERT INTO `li...', 0)
#1 C:\xampp\htdocs\parcial1_pp\system\Database\BaseConnection.php(734): CodeIgniter\Database\MySQLi\Connection->execute('INSERT INTO `li...')
#2 C:\xampp\htdocs\parcial1_pp\system\Database\BaseConnection.php(648): CodeIgniter\Database\BaseConnection->simpleQuery('INSERT INTO `li...')
#3 C:\xampp\htdocs\parcial1_pp\system\Database\BaseBuilder.php(2332): CodeIgniter\Database\BaseConnection->query('INSERT INTO `li...', Array, false)
#4 C:\xampp\htdocs\parcial1_pp\system\Model.php(394): CodeIgniter\Database\BaseBuilder->insert()
#5 C:\xampp\htdocs\parcial1_pp\system\BaseModel.php(840): CodeIgniter\Model->doInsert(Array)
#6 C:\xampp\htdocs\parcial1_pp\system\Model.php(802): CodeIgniter\BaseModel->insert(Array, true)
#7 C:\xampp\htdocs\parcial1_pp\app\Controllers\C_libro.php(34): CodeIgniter\Model->insert(Array)
#8 C:\xampp\htdocs\parcial1_pp\system\CodeIgniter.php(933): App\Controllers\C_libro->insertar()
#9 C:\xampp\htdocs\parcial1_pp\system\CodeIgniter.php(509): CodeIgniter\CodeIgniter->runController(Object(App\Controllers\C_libro))
#10 C:\xampp\htdocs\parcial1_pp\system\CodeIgniter.php(355): CodeIgniter\CodeIgniter->handleRequest(NULL, Object(Config\Cache), false)
#11 C:\xampp\htdocs\parcial1_pp\system\Boot.php(325): CodeIgniter\CodeIgniter->run()
#12 C:\xampp\htdocs\parcial1_pp\system\Boot.php(67): CodeIgniter\Boot::runCodeIgniter(Object(CodeIgniter\CodeIgniter))
#13 C:\xampp\htdocs\parcial1_pp\public\index.php(56): CodeIgniter\Boot::bootWeb(Object(Config\Paths))
#14 {main}
CRITICAL - 2024-09-04 01:20:52 --> CodeIgniter\Database\Exceptions\DatabaseException: Cannot add or update a child row: a foreign key constraint fails (`db_libros`.`libros`, CONSTRAINT `libros_ibfk_1` FOREIGN KEY (`editorial_id`) REFERENCES `editoriales` (`editorial_id`) ON DELETE CASCADE ON UPDATE CASCADE)
[Method: POST, Route: insertar]
in SYSTEMPATH\Database\BaseConnection.php on line 688.
 1 SYSTEMPATH\Database\BaseBuilder.php(2332): CodeIgniter\Database\BaseConnection->query('INSERT INTO `libros` (`titulo`, `fecha_publicacion`, `precio`, `editorial_id`, `isbn`) VALUES (:titulo:, :fecha_publicacion:, :precio:, :editorial_id:, :isbn:)', [...], false)
 2 SYSTEMPATH\Model.php(394): CodeIgniter\Database\BaseBuilder->insert()
 3 SYSTEMPATH\BaseModel.php(840): CodeIgniter\Model->doInsert([...])
 4 SYSTEMPATH\Model.php(802): CodeIgniter\BaseModel->insert([...], true)
 5 APPPATH\Controllers\C_libro.php(34): CodeIgniter\Model->insert([...])
 6 SYSTEMPATH\CodeIgniter.php(933): App\Controllers\C_libro->insertar()
 7 SYSTEMPATH\CodeIgniter.php(509): CodeIgniter\CodeIgniter->runController(Object(App\Controllers\C_libro))
 8 SYSTEMPATH\CodeIgniter.php(355): CodeIgniter\CodeIgniter->handleRequest(null, Object(Config\Cache), false)
 9 SYSTEMPATH\Boot.php(325): CodeIgniter\CodeIgniter->run()
10 SYSTEMPATH\Boot.php(67): CodeIgniter\Boot::runCodeIgniter(Object(CodeIgniter\CodeIgniter))
11 FCPATH\index.php(56): CodeIgniter\Boot::bootWeb(Object(Config\Paths))
CRITICAL - 2024-09-04 01:20:52 --> [Caused by] CodeIgniter\Database\Exceptions\DatabaseException: Cannot add or update a child row: a foreign key constraint fails (`db_libros`.`libros`, CONSTRAINT `libros_ibfk_1` FOREIGN KEY (`editorial_id`) REFERENCES `editoriales` (`editorial_id`) ON DELETE CASCADE ON UPDATE CASCADE)
in SYSTEMPATH\Database\MySQLi\Connection.php on line 317.
 1 SYSTEMPATH\Database\BaseConnection.php(734): CodeIgniter\Database\MySQLi\Connection->execute('INSERT INTO `libros` (`titulo`, `fecha_publicacion`, `precio`, `editorial_id`, `isbn`) VALUES (\'Lo árboles mueren de pie\', \'1949-04-01\', \'170.75\', \'2\', \'A852RG2\')')
 2 SYSTEMPATH\Database\BaseConnection.php(648): CodeIgniter\Database\BaseConnection->simpleQuery('INSERT INTO `libros` (`titulo`, `fecha_publicacion`, `precio`, `editorial_id`, `isbn`) VALUES (\'Lo árboles mueren de pie\', \'1949-04-01\', \'170.75\', \'2\', \'A852RG2\')')
 3 SYSTEMPATH\Database\BaseBuilder.php(2332): CodeIgniter\Database\BaseConnection->query('INSERT INTO `libros` (`titulo`, `fecha_publicacion`, `precio`, `editorial_id`, `isbn`) VALUES (:titulo:, :fecha_publicacion:, :precio:, :editorial_id:, :isbn:)', [...], false)
 4 SYSTEMPATH\Model.php(394): CodeIgniter\Database\BaseBuilder->insert()
 5 SYSTEMPATH\BaseModel.php(840): CodeIgniter\Model->doInsert([...])
 6 SYSTEMPATH\Model.php(802): CodeIgniter\BaseModel->insert([...], true)
 7 APPPATH\Controllers\C_libro.php(34): CodeIgniter\Model->insert([...])
 8 SYSTEMPATH\CodeIgniter.php(933): App\Controllers\C_libro->insertar()
 9 SYSTEMPATH\CodeIgniter.php(509): CodeIgniter\CodeIgniter->runController(Object(App\Controllers\C_libro))
10 SYSTEMPATH\CodeIgniter.php(355): CodeIgniter\CodeIgniter->handleRequest(null, Object(Config\Cache), false)
11 SYSTEMPATH\Boot.php(325): CodeIgniter\CodeIgniter->run()
12 SYSTEMPATH\Boot.php(67): CodeIgniter\Boot::runCodeIgniter(Object(CodeIgniter\CodeIgniter))
13 FCPATH\index.php(56): CodeIgniter\Boot::bootWeb(Object(Config\Paths))
CRITICAL - 2024-09-04 01:20:52 --> [Caused by] mysqli_sql_exception: Cannot add or update a child row: a foreign key constraint fails (`db_libros`.`libros`, CONSTRAINT `libros_ibfk_1` FOREIGN KEY (`editorial_id`) REFERENCES `editoriales` (`editorial_id`) ON DELETE CASCADE ON UPDATE CASCADE)
in SYSTEMPATH\Database\MySQLi\Connection.php on line 312.
 1 SYSTEMPATH\Database\MySQLi\Connection.php(312): mysqli->query('INSERT INTO `libros` (`titulo`, `fecha_publicacion`, `precio`, `editorial_id`, `isbn`) VALUES (\'Lo árboles mueren de pie\', \'1949-04-01\', \'170.75\', \'2\', \'A852RG2\')', 0)
 2 SYSTEMPATH\Database\BaseConnection.php(734): CodeIgniter\Database\MySQLi\Connection->execute('INSERT INTO `libros` (`titulo`, `fecha_publicacion`, `precio`, `editorial_id`, `isbn`) VALUES (\'Lo árboles mueren de pie\', \'1949-04-01\', \'170.75\', \'2\', \'A852RG2\')')
 3 SYSTEMPATH\Database\BaseConnection.php(648): CodeIgniter\Database\BaseConnection->simpleQuery('INSERT INTO `libros` (`titulo`, `fecha_publicacion`, `precio`, `editorial_id`, `isbn`) VALUES (\'Lo árboles mueren de pie\', \'1949-04-01\', \'170.75\', \'2\', \'A852RG2\')')
 4 SYSTEMPATH\Database\BaseBuilder.php(2332): CodeIgniter\Database\BaseConnection->query('INSERT INTO `libros` (`titulo`, `fecha_publicacion`, `precio`, `editorial_id`, `isbn`) VALUES (:titulo:, :fecha_publicacion:, :precio:, :editorial_id:, :isbn:)', [...], false)
 5 SYSTEMPATH\Model.php(394): CodeIgniter\Database\BaseBuilder->insert()
 6 SYSTEMPATH\BaseModel.php(840): CodeIgniter\Model->doInsert([...])
 7 SYSTEMPATH\Model.php(802): CodeIgniter\BaseModel->insert([...], true)
 8 APPPATH\Controllers\C_libro.php(34): CodeIgniter\Model->insert([...])
 9 SYSTEMPATH\CodeIgniter.php(933): App\Controllers\C_libro->insertar()
10 SYSTEMPATH\CodeIgniter.php(509): CodeIgniter\CodeIgniter->runController(Object(App\Controllers\C_libro))
11 SYSTEMPATH\CodeIgniter.php(355): CodeIgniter\CodeIgniter->handleRequest(null, Object(Config\Cache), false)
12 SYSTEMPATH\Boot.php(325): CodeIgniter\CodeIgniter->run()
13 SYSTEMPATH\Boot.php(67): CodeIgniter\Boot::runCodeIgniter(Object(CodeIgniter\CodeIgniter))
14 FCPATH\index.php(56): CodeIgniter\Boot::bootWeb(Object(Config\Paths))
ERROR - 2024-09-04 01:20:59 --> mysqli_sql_exception: Cannot add or update a child row: a foreign key constraint fails (`db_libros`.`libros`, CONSTRAINT `libros_ibfk_1` FOREIGN KEY (`editorial_id`) REFERENCES `editoriales` (`editorial_id`) ON DELETE CASCADE ON UPDATE CASCADE) in C:\xampp\htdocs\parcial1_pp\system\Database\MySQLi\Connection.php:312
Stack trace:
#0 C:\xampp\htdocs\parcial1_pp\system\Database\MySQLi\Connection.php(312): mysqli->query('INSERT INTO `li...', 0)
#1 C:\xampp\htdocs\parcial1_pp\system\Database\BaseConnection.php(734): CodeIgniter\Database\MySQLi\Connection->execute('INSERT INTO `li...')
#2 C:\xampp\htdocs\parcial1_pp\system\Database\BaseConnection.php(648): CodeIgniter\Database\BaseConnection->simpleQuery('INSERT INTO `li...')
#3 C:\xampp\htdocs\parcial1_pp\system\Database\BaseBuilder.php(2332): CodeIgniter\Database\BaseConnection->query('INSERT INTO `li...', Array, false)
#4 C:\xampp\htdocs\parcial1_pp\system\Model.php(394): CodeIgniter\Database\BaseBuilder->insert()
#5 C:\xampp\htdocs\parcial1_pp\system\BaseModel.php(840): CodeIgniter\Model->doInsert(Array)
#6 C:\xampp\htdocs\parcial1_pp\system\Model.php(802): CodeIgniter\BaseModel->insert(Array, true)
#7 C:\xampp\htdocs\parcial1_pp\app\Controllers\C_libro.php(34): CodeIgniter\Model->insert(Array)
#8 C:\xampp\htdocs\parcial1_pp\system\CodeIgniter.php(933): App\Controllers\C_libro->insertar()
#9 C:\xampp\htdocs\parcial1_pp\system\CodeIgniter.php(509): CodeIgniter\CodeIgniter->runController(Object(App\Controllers\C_libro))
#10 C:\xampp\htdocs\parcial1_pp\system\CodeIgniter.php(355): CodeIgniter\CodeIgniter->handleRequest(NULL, Object(Config\Cache), false)
#11 C:\xampp\htdocs\parcial1_pp\system\Boot.php(325): CodeIgniter\CodeIgniter->run()
#12 C:\xampp\htdocs\parcial1_pp\system\Boot.php(67): CodeIgniter\Boot::runCodeIgniter(Object(CodeIgniter\CodeIgniter))
#13 C:\xampp\htdocs\parcial1_pp\public\index.php(56): CodeIgniter\Boot::bootWeb(Object(Config\Paths))
#14 {main}
CRITICAL - 2024-09-04 01:20:59 --> CodeIgniter\Database\Exceptions\DatabaseException: Cannot add or update a child row: a foreign key constraint fails (`db_libros`.`libros`, CONSTRAINT `libros_ibfk_1` FOREIGN KEY (`editorial_id`) REFERENCES `editoriales` (`editorial_id`) ON DELETE CASCADE ON UPDATE CASCADE)
[Method: POST, Route: insertar]
in SYSTEMPATH\Database\BaseConnection.php on line 688.
 1 SYSTEMPATH\Database\BaseBuilder.php(2332): CodeIgniter\Database\BaseConnection->query('INSERT INTO `libros` (`titulo`, `fecha_publicacion`, `precio`, `editorial_id`, `isbn`) VALUES (:titulo:, :fecha_publicacion:, :precio:, :editorial_id:, :isbn:)', [...], false)
 2 SYSTEMPATH\Model.php(394): CodeIgniter\Database\BaseBuilder->insert()
 3 SYSTEMPATH\BaseModel.php(840): CodeIgniter\Model->doInsert([...])
 4 SYSTEMPATH\Model.php(802): CodeIgniter\BaseModel->insert([...], true)
 5 APPPATH\Controllers\C_libro.php(34): CodeIgniter\Model->insert([...])
 6 SYSTEMPATH\CodeIgniter.php(933): App\Controllers\C_libro->insertar()
 7 SYSTEMPATH\CodeIgniter.php(509): CodeIgniter\CodeIgniter->runController(Object(App\Controllers\C_libro))
 8 SYSTEMPATH\CodeIgniter.php(355): CodeIgniter\CodeIgniter->handleRequest(null, Object(Config\Cache), false)
 9 SYSTEMPATH\Boot.php(325): CodeIgniter\CodeIgniter->run()
10 SYSTEMPATH\Boot.php(67): CodeIgniter\Boot::runCodeIgniter(Object(CodeIgniter\CodeIgniter))
11 FCPATH\index.php(56): CodeIgniter\Boot::bootWeb(Object(Config\Paths))
CRITICAL - 2024-09-04 01:20:59 --> [Caused by] CodeIgniter\Database\Exceptions\DatabaseException: Cannot add or update a child row: a foreign key constraint fails (`db_libros`.`libros`, CONSTRAINT `libros_ibfk_1` FOREIGN KEY (`editorial_id`) REFERENCES `editoriales` (`editorial_id`) ON DELETE CASCADE ON UPDATE CASCADE)
in SYSTEMPATH\Database\MySQLi\Connection.php on line 317.
 1 SYSTEMPATH\Database\BaseConnection.php(734): CodeIgniter\Database\MySQLi\Connection->execute('INSERT INTO `libros` (`titulo`, `fecha_publicacion`, `precio`, `editorial_id`, `isbn`) VALUES (\'Los árboles mueren de pie\', \'1949-04-01\', \'170.75\', \'2\', \'A852RG2\')')
 2 SYSTEMPATH\Database\BaseConnection.php(648): CodeIgniter\Database\BaseConnection->simpleQuery('INSERT INTO `libros` (`titulo`, `fecha_publicacion`, `precio`, `editorial_id`, `isbn`) VALUES (\'Los árboles mueren de pie\', \'1949-04-01\', \'170.75\', \'2\', \'A852RG2\')')
 3 SYSTEMPATH\Database\BaseBuilder.php(2332): CodeIgniter\Database\BaseConnection->query('INSERT INTO `libros` (`titulo`, `fecha_publicacion`, `precio`, `editorial_id`, `isbn`) VALUES (:titulo:, :fecha_publicacion:, :precio:, :editorial_id:, :isbn:)', [...], false)
 4 SYSTEMPATH\Model.php(394): CodeIgniter\Database\BaseBuilder->insert()
 5 SYSTEMPATH\BaseModel.php(840): CodeIgniter\Model->doInsert([...])
 6 SYSTEMPATH\Model.php(802): CodeIgniter\BaseModel->insert([...], true)
 7 APPPATH\Controllers\C_libro.php(34): CodeIgniter\Model->insert([...])
 8 SYSTEMPATH\CodeIgniter.php(933): App\Controllers\C_libro->insertar()
 9 SYSTEMPATH\CodeIgniter.php(509): CodeIgniter\CodeIgniter->runController(Object(App\Controllers\C_libro))
10 SYSTEMPATH\CodeIgniter.php(355): CodeIgniter\CodeIgniter->handleRequest(null, Object(Config\Cache), false)
11 SYSTEMPATH\Boot.php(325): CodeIgniter\CodeIgniter->run()
12 SYSTEMPATH\Boot.php(67): CodeIgniter\Boot::runCodeIgniter(Object(CodeIgniter\CodeIgniter))
13 FCPATH\index.php(56): CodeIgniter\Boot::bootWeb(Object(Config\Paths))
CRITICAL - 2024-09-04 01:20:59 --> [Caused by] mysqli_sql_exception: Cannot add or update a child row: a foreign key constraint fails (`db_libros`.`libros`, CONSTRAINT `libros_ibfk_1` FOREIGN KEY (`editorial_id`) REFERENCES `editoriales` (`editorial_id`) ON DELETE CASCADE ON UPDATE CASCADE)
in SYSTEMPATH\Database\MySQLi\Connection.php on line 312.
 1 SYSTEMPATH\Database\MySQLi\Connection.php(312): mysqli->query('INSERT INTO `libros` (`titulo`, `fecha_publicacion`, `precio`, `editorial_id`, `isbn`) VALUES (\'Los árboles mueren de pie\', \'1949-04-01\', \'170.75\', \'2\', \'A852RG2\')', 0)
 2 SYSTEMPATH\Database\BaseConnection.php(734): CodeIgniter\Database\MySQLi\Connection->execute('INSERT INTO `libros` (`titulo`, `fecha_publicacion`, `precio`, `editorial_id`, `isbn`) VALUES (\'Los árboles mueren de pie\', \'1949-04-01\', \'170.75\', \'2\', \'A852RG2\')')
 3 SYSTEMPATH\Database\BaseConnection.php(648): CodeIgniter\Database\BaseConnection->simpleQuery('INSERT INTO `libros` (`titulo`, `fecha_publicacion`, `precio`, `editorial_id`, `isbn`) VALUES (\'Los árboles mueren de pie\', \'1949-04-01\', \'170.75\', \'2\', \'A852RG2\')')
 4 SYSTEMPATH\Database\BaseBuilder.php(2332): CodeIgniter\Database\BaseConnection->query('INSERT INTO `libros` (`titulo`, `fecha_publicacion`, `precio`, `editorial_id`, `isbn`) VALUES (:titulo:, :fecha_publicacion:, :precio:, :editorial_id:, :isbn:)', [...], false)
 5 SYSTEMPATH\Model.php(394): CodeIgniter\Database\BaseBuilder->insert()
 6 SYSTEMPATH\BaseModel.php(840): CodeIgniter\Model->doInsert([...])
 7 SYSTEMPATH\Model.php(802): CodeIgniter\BaseModel->insert([...], true)
 8 APPPATH\Controllers\C_libro.php(34): CodeIgniter\Model->insert([...])
 9 SYSTEMPATH\CodeIgniter.php(933): App\Controllers\C_libro->insertar()
10 SYSTEMPATH\CodeIgniter.php(509): CodeIgniter\CodeIgniter->runController(Object(App\Controllers\C_libro))
11 SYSTEMPATH\CodeIgniter.php(355): CodeIgniter\CodeIgniter->handleRequest(null, Object(Config\Cache), false)
12 SYSTEMPATH\Boot.php(325): CodeIgniter\CodeIgniter->run()
13 SYSTEMPATH\Boot.php(67): CodeIgniter\Boot::runCodeIgniter(Object(CodeIgniter\CodeIgniter))
14 FCPATH\index.php(56): CodeIgniter\Boot::bootWeb(Object(Config\Paths))
