<<<<<<< HEAD
INFO - 2024-11-12 02:23:52 --> Session: Class initialized using 'CodeIgniter\Session\Handlers\FileHandler' driver.
INFO - 2024-11-12 02:24:10 --> Session: Class initialized using 'CodeIgniter\Session\Handlers\FileHandler' driver.
INFO - 2024-11-12 02:25:41 --> Session: Class initialized using 'CodeIgniter\Session\Handlers\FileHandler' driver.
CRITICAL - 2024-11-12 02:25:58 --> ErrorException: Undefined array key "detalle_venta_id"
[Method: GET, Route: detalle_ventas]
in APPPATH\Views\detalle_ventas\index.php on line 14.
 1 APPPATH\Views\detalle_ventas\index.php(14): CodeIgniter\Debug\Exceptions->errorHandler(2, 'Undefined array key "detalle_venta_id"', 'C:\\xampp\\htdocs\\pproyecto_final_g4-\\app\\Views\\detalle_ventas\\index.php', 14)
 2 SYSTEMPATH\View\View.php(234): include('C:\\xampp\\htdocs\\pproyecto_final_g4-\\app\\Views\\detalle_ventas\\index.php')
 3 SYSTEMPATH\View\View.php(237): CodeIgniter\View\View->CodeIgniter\View\{closure}()
 4 SYSTEMPATH\Common.php(1171): CodeIgniter\View\View->render('detalle_ventas/index', [], true)
 5 APPPATH\Controllers\DetalleVentasController.php(11): view('detalle_ventas/index', [...])
 6 SYSTEMPATH\CodeIgniter.php(933): App\Controllers\DetalleVentasController->index()
 7 SYSTEMPATH\CodeIgniter.php(509): CodeIgniter\CodeIgniter->runController(Object(App\Controllers\DetalleVentasController))
=======
INFO - 2024-11-12 02:23:04 --> Session: Class initialized using 'CodeIgniter\Session\Handlers\FileHandler' driver.
CRITICAL - 2024-11-12 02:23:19 --> ErrorException: Undefined array key "contraseña"
[Method: POST, Route: login]
in APPPATH\Controllers\LoginController.php on line 30.
 1 APPPATH\Controllers\LoginController.php(30): CodeIgniter\Debug\Exceptions->errorHandler(2, 'Undefined array key "contraseña"', 'C:\\laragon\\www\\pproyecto_final_g4-\\app\\Controllers\\LoginController.php', 30)
 2 SYSTEMPATH\CodeIgniter.php(933): App\Controllers\LoginController->login()
 3 SYSTEMPATH\CodeIgniter.php(509): CodeIgniter\CodeIgniter->runController(Object(App\Controllers\LoginController))
 4 SYSTEMPATH\CodeIgniter.php(355): CodeIgniter\CodeIgniter->handleRequest(null, Object(Config\Cache), false)
 5 SYSTEMPATH\Boot.php(325): CodeIgniter\CodeIgniter->run()
 6 SYSTEMPATH\Boot.php(67): CodeIgniter\Boot::runCodeIgniter(Object(CodeIgniter\CodeIgniter))
 7 FCPATH\index.php(56): CodeIgniter\Boot::bootWeb(Object(Config\Paths))
INFO - 2024-11-12 02:23:30 --> Session: Class initialized using 'CodeIgniter\Session\Handlers\FileHandler' driver.
CRITICAL - 2024-11-12 02:23:50 --> ErrorException: Undefined array key "contraseña"
[Method: POST, Route: login]
in APPPATH\Controllers\LoginController.php on line 30.
 1 APPPATH\Controllers\LoginController.php(30): CodeIgniter\Debug\Exceptions->errorHandler(2, 'Undefined array key "contraseña"', 'C:\\laragon\\www\\pproyecto_final_g4-\\app\\Controllers\\LoginController.php', 30)
 2 SYSTEMPATH\CodeIgniter.php(933): App\Controllers\LoginController->login()
 3 SYSTEMPATH\CodeIgniter.php(509): CodeIgniter\CodeIgniter->runController(Object(App\Controllers\LoginController))
 4 SYSTEMPATH\CodeIgniter.php(355): CodeIgniter\CodeIgniter->handleRequest(null, Object(Config\Cache), false)
 5 SYSTEMPATH\Boot.php(325): CodeIgniter\CodeIgniter->run()
 6 SYSTEMPATH\Boot.php(67): CodeIgniter\Boot::runCodeIgniter(Object(CodeIgniter\CodeIgniter))
 7 FCPATH\index.php(56): CodeIgniter\Boot::bootWeb(Object(Config\Paths))
INFO - 2024-11-12 02:36:36 --> Session: Class initialized using 'CodeIgniter\Session\Handlers\FileHandler' driver.
CRITICAL - 2024-11-12 02:36:50 --> ErrorException: Undefined array key "contraseña"
[Method: POST, Route: login]
in APPPATH\Controllers\LoginController.php on line 30.
 1 APPPATH\Controllers\LoginController.php(30): CodeIgniter\Debug\Exceptions->errorHandler(2, 'Undefined array key "contraseña"', 'C:\\laragon\\www\\pproyecto_final_g4-\\app\\Controllers\\LoginController.php', 30)
 2 SYSTEMPATH\CodeIgniter.php(933): App\Controllers\LoginController->login()
 3 SYSTEMPATH\CodeIgniter.php(509): CodeIgniter\CodeIgniter->runController(Object(App\Controllers\LoginController))
 4 SYSTEMPATH\CodeIgniter.php(355): CodeIgniter\CodeIgniter->handleRequest(null, Object(Config\Cache), false)
 5 SYSTEMPATH\Boot.php(325): CodeIgniter\CodeIgniter->run()
 6 SYSTEMPATH\Boot.php(67): CodeIgniter\Boot::runCodeIgniter(Object(CodeIgniter\CodeIgniter))
 7 FCPATH\index.php(56): CodeIgniter\Boot::bootWeb(Object(Config\Paths))
INFO - 2024-11-12 02:40:50 --> Session: Class initialized using 'CodeIgniter\Session\Handlers\FileHandler' driver.
CRITICAL - 2024-11-12 02:41:06 --> ErrorException: Undefined array key "contraseña"
[Method: POST, Route: login]
in APPPATH\Controllers\LoginController.php on line 30.
 1 APPPATH\Controllers\LoginController.php(30): CodeIgniter\Debug\Exceptions->errorHandler(2, 'Undefined array key "contraseña"', 'C:\\laragon\\www\\pproyecto_final_g4-\\app\\Controllers\\LoginController.php', 30)
 2 SYSTEMPATH\CodeIgniter.php(933): App\Controllers\LoginController->login()
 3 SYSTEMPATH\CodeIgniter.php(509): CodeIgniter\CodeIgniter->runController(Object(App\Controllers\LoginController))
 4 SYSTEMPATH\CodeIgniter.php(355): CodeIgniter\CodeIgniter->handleRequest(null, Object(Config\Cache), false)
 5 SYSTEMPATH\Boot.php(325): CodeIgniter\CodeIgniter->run()
 6 SYSTEMPATH\Boot.php(67): CodeIgniter\Boot::runCodeIgniter(Object(CodeIgniter\CodeIgniter))
 7 FCPATH\index.php(56): CodeIgniter\Boot::bootWeb(Object(Config\Paths))
CRITICAL - 2024-11-12 02:41:40 --> ErrorException: Undefined array key "contraseña"
[Method: POST, Route: login]
in APPPATH\Controllers\LoginController.php on line 30.
 1 APPPATH\Controllers\LoginController.php(30): CodeIgniter\Debug\Exceptions->errorHandler(2, 'Undefined array key "contraseña"', 'C:\\laragon\\www\\pproyecto_final_g4-\\app\\Controllers\\LoginController.php', 30)
 2 SYSTEMPATH\CodeIgniter.php(933): App\Controllers\LoginController->login()
 3 SYSTEMPATH\CodeIgniter.php(509): CodeIgniter\CodeIgniter->runController(Object(App\Controllers\LoginController))
 4 SYSTEMPATH\CodeIgniter.php(355): CodeIgniter\CodeIgniter->handleRequest(null, Object(Config\Cache), false)
 5 SYSTEMPATH\Boot.php(325): CodeIgniter\CodeIgniter->run()
 6 SYSTEMPATH\Boot.php(67): CodeIgniter\Boot::runCodeIgniter(Object(CodeIgniter\CodeIgniter))
 7 FCPATH\index.php(56): CodeIgniter\Boot::bootWeb(Object(Config\Paths))
CRITICAL - 2024-11-12 02:46:02 --> ErrorException: Undefined array key "contraseña"
[Method: POST, Route: login]
in APPPATH\Controllers\LoginController.php on line 35.
 1 APPPATH\Controllers\LoginController.php(35): CodeIgniter\Debug\Exceptions->errorHandler(2, 'Undefined array key "contraseña"', 'C:\\laragon\\www\\pproyecto_final_g4-\\app\\Controllers\\LoginController.php', 35)
 2 SYSTEMPATH\CodeIgniter.php(933): App\Controllers\LoginController->login()
 3 SYSTEMPATH\CodeIgniter.php(509): CodeIgniter\CodeIgniter->runController(Object(App\Controllers\LoginController))
 4 SYSTEMPATH\CodeIgniter.php(355): CodeIgniter\CodeIgniter->handleRequest(null, Object(Config\Cache), false)
 5 SYSTEMPATH\Boot.php(325): CodeIgniter\CodeIgniter->run()
 6 SYSTEMPATH\Boot.php(67): CodeIgniter\Boot::runCodeIgniter(Object(CodeIgniter\CodeIgniter))
 7 FCPATH\index.php(56): CodeIgniter\Boot::bootWeb(Object(Config\Paths))
CRITICAL - 2024-11-12 02:46:21 --> ErrorException: Undefined array key "contraseña"
[Method: POST, Route: login]
in APPPATH\Controllers\LoginController.php on line 35.
 1 APPPATH\Controllers\LoginController.php(35): CodeIgniter\Debug\Exceptions->errorHandler(2, 'Undefined array key "contraseña"', 'C:\\laragon\\www\\pproyecto_final_g4-\\app\\Controllers\\LoginController.php', 35)
 2 SYSTEMPATH\CodeIgniter.php(933): App\Controllers\LoginController->login()
 3 SYSTEMPATH\CodeIgniter.php(509): CodeIgniter\CodeIgniter->runController(Object(App\Controllers\LoginController))
 4 SYSTEMPATH\CodeIgniter.php(355): CodeIgniter\CodeIgniter->handleRequest(null, Object(Config\Cache), false)
 5 SYSTEMPATH\Boot.php(325): CodeIgniter\CodeIgniter->run()
 6 SYSTEMPATH\Boot.php(67): CodeIgniter\Boot::runCodeIgniter(Object(CodeIgniter\CodeIgniter))
 7 FCPATH\index.php(56): CodeIgniter\Boot::bootWeb(Object(Config\Paths))
CRITICAL - 2024-11-12 04:20:25 --> ErrorException: Undefined array key "contraseña"
[Method: POST, Route: login]
in APPPATH\Controllers\LoginController.php on line 35.
 1 APPPATH\Controllers\LoginController.php(35): CodeIgniter\Debug\Exceptions->errorHandler(2, 'Undefined array key "contraseña"', 'C:\\laragon\\www\\pproyecto_final_g4-\\app\\Controllers\\LoginController.php', 35)
 2 SYSTEMPATH\CodeIgniter.php(933): App\Controllers\LoginController->login()
 3 SYSTEMPATH\CodeIgniter.php(509): CodeIgniter\CodeIgniter->runController(Object(App\Controllers\LoginController))
 4 SYSTEMPATH\CodeIgniter.php(355): CodeIgniter\CodeIgniter->handleRequest(null, Object(Config\Cache), false)
 5 SYSTEMPATH\Boot.php(325): CodeIgniter\CodeIgniter->run()
 6 SYSTEMPATH\Boot.php(67): CodeIgniter\Boot::runCodeIgniter(Object(CodeIgniter\CodeIgniter))
 7 FCPATH\index.php(56): CodeIgniter\Boot::bootWeb(Object(Config\Paths))
INFO - 2024-11-12 04:38:30 --> Session: Class initialized using 'CodeIgniter\Session\Handlers\FileHandler' driver.
INFO - 2024-11-12 04:38:32 --> Session: Class initialized using 'CodeIgniter\Session\Handlers\FileHandler' driver.
INFO - 2024-11-12 04:38:47 --> Session: Class initialized using 'CodeIgniter\Session\Handlers\FileHandler' driver.
INFO - 2024-11-12 04:38:48 --> Session: Class initialized using 'CodeIgniter\Session\Handlers\FileHandler' driver.
INFO - 2024-11-12 04:39:13 --> Session: Class initialized using 'CodeIgniter\Session\Handlers\FileHandler' driver.
INFO - 2024-11-12 04:39:15 --> Session: Class initialized using 'CodeIgniter\Session\Handlers\FileHandler' driver.
INFO - 2024-11-12 04:39:40 --> Session: Class initialized using 'CodeIgniter\Session\Handlers\FileHandler' driver.
INFO - 2024-11-12 04:39:42 --> Session: Class initialized using 'CodeIgniter\Session\Handlers\FileHandler' driver.
INFO - 2024-11-12 04:40:29 --> Session: Class initialized using 'CodeIgniter\Session\Handlers\FileHandler' driver.
INFO - 2024-11-12 04:40:31 --> Session: Class initialized using 'CodeIgniter\Session\Handlers\FileHandler' driver.
INFO - 2024-11-12 04:42:28 --> Session: Class initialized using 'CodeIgniter\Session\Handlers\FileHandler' driver.
INFO - 2024-11-12 04:42:30 --> Session: Class initialized using 'CodeIgniter\Session\Handlers\FileHandler' driver.
INFO - 2024-11-12 04:43:35 --> Session: Class initialized using 'CodeIgniter\Session\Handlers\FileHandler' driver.
INFO - 2024-11-12 04:43:37 --> Session: Class initialized using 'CodeIgniter\Session\Handlers\FileHandler' driver.
INFO - 2024-11-12 04:43:55 --> Session: Class initialized using 'CodeIgniter\Session\Handlers\FileHandler' driver.
CRITICAL - 2024-11-12 04:48:04 --> ErrorException: Undefined variable $routrs
[Method: GET, Route: ventas]
in APPPATH\Config\Routes.php on line 100.
 1 APPPATH\Config\Routes.php(100): CodeIgniter\Debug\Exceptions->errorHandler(2, 'Undefined variable $routrs', 'C:\\laragon\\www\\pproyecto_final_g4-\\app\\Config\\Routes.php', 100)
 2 SYSTEMPATH\Router\RouteCollection.php(340): require('C:\\laragon\\www\\pproyecto_final_g4-\\app\\Config\\Routes.php')
 3 SYSTEMPATH\CodeIgniter.php(823): CodeIgniter\Router\RouteCollection->loadRoutes()
 4 SYSTEMPATH\CodeIgniter.php(457): CodeIgniter\CodeIgniter->tryToRouteIt(null)
 5 SYSTEMPATH\CodeIgniter.php(355): CodeIgniter\CodeIgniter->handleRequest(null, Object(Config\Cache), false)
 6 SYSTEMPATH\Boot.php(325): CodeIgniter\CodeIgniter->run()
 7 SYSTEMPATH\Boot.php(67): CodeIgniter\Boot::runCodeIgniter(Object(CodeIgniter\CodeIgniter))
 8 FCPATH\index.php(56): CodeIgniter\Boot::bootWeb(Object(Config\Paths))
CRITICAL - 2024-11-12 04:50:06 --> ErrorException: Undefined array key "cliente_id"
[Method: GET, Route: ventas]
in APPPATH\Views\ventas\index.php on line 15.
 1 APPPATH\Views\ventas\index.php(15): CodeIgniter\Debug\Exceptions->errorHandler(2, 'Undefined array key "cliente_id"', 'C:\\laragon\\www\\pproyecto_final_g4-\\app\\Views\\ventas\\index.php', 15)
 2 SYSTEMPATH\View\View.php(234): include('C:\\laragon\\www\\pproyecto_final_g4-\\app\\Views\\ventas\\index.php')
 3 SYSTEMPATH\View\View.php(237): CodeIgniter\View\View->CodeIgniter\View\{closure}()
 4 SYSTEMPATH\Common.php(1171): CodeIgniter\View\View->render('ventas/index', [], true)
 5 APPPATH\Controllers\VentasController.php(11): view('ventas/index', [...])
 6 SYSTEMPATH\CodeIgniter.php(933): App\Controllers\VentasController->index()
 7 SYSTEMPATH\CodeIgniter.php(509): CodeIgniter\CodeIgniter->runController(Object(App\Controllers\VentasController))
>>>>>>> d808966821b543fc31cb62c7715d024415cab361
 8 SYSTEMPATH\CodeIgniter.php(355): CodeIgniter\CodeIgniter->handleRequest(null, Object(Config\Cache), false)
 9 SYSTEMPATH\Boot.php(325): CodeIgniter\CodeIgniter->run()
10 SYSTEMPATH\Boot.php(67): CodeIgniter\Boot::runCodeIgniter(Object(CodeIgniter\CodeIgniter))
11 FCPATH\index.php(56): CodeIgniter\Boot::bootWeb(Object(Config\Paths))
<<<<<<< HEAD
CRITICAL - 2024-11-12 02:51:39 --> ErrorException: Undefined array key "detalle_venta_id"
[Method: GET, Route: detalle_ventas]
in APPPATH\Views\detalle_ventas\index.php on line 14.
 1 APPPATH\Views\detalle_ventas\index.php(14): CodeIgniter\Debug\Exceptions->errorHandler(2, 'Undefined array key "detalle_venta_id"', 'C:\\xampp\\htdocs\\pproyecto_final_g4-\\app\\Views\\detalle_ventas\\index.php', 14)
 2 SYSTEMPATH\View\View.php(234): include('C:\\xampp\\htdocs\\pproyecto_final_g4-\\app\\Views\\detalle_ventas\\index.php')
 3 SYSTEMPATH\View\View.php(237): CodeIgniter\View\View->CodeIgniter\View\{closure}()
 4 SYSTEMPATH\Common.php(1171): CodeIgniter\View\View->render('detalle_ventas/index', [], true)
 5 APPPATH\Controllers\DetalleVentasController.php(11): view('detalle_ventas/index', [...])
 6 SYSTEMPATH\CodeIgniter.php(933): App\Controllers\DetalleVentasController->index()
 7 SYSTEMPATH\CodeIgniter.php(509): CodeIgniter\CodeIgniter->runController(Object(App\Controllers\DetalleVentasController))
=======
CRITICAL - 2024-11-12 04:50:45 --> ErrorException: Undefined array key "usuario_id"
[Method: GET, Route: ventas]
in APPPATH\Views\ventas\index.php on line 19.
 1 APPPATH\Views\ventas\index.php(19): CodeIgniter\Debug\Exceptions->errorHandler(2, 'Undefined array key "usuario_id"', 'C:\\laragon\\www\\pproyecto_final_g4-\\app\\Views\\ventas\\index.php', 19)
 2 SYSTEMPATH\View\View.php(234): include('C:\\laragon\\www\\pproyecto_final_g4-\\app\\Views\\ventas\\index.php')
 3 SYSTEMPATH\View\View.php(237): CodeIgniter\View\View->CodeIgniter\View\{closure}()
 4 SYSTEMPATH\Common.php(1171): CodeIgniter\View\View->render('ventas/index', [], true)
 5 APPPATH\Controllers\VentasController.php(11): view('ventas/index', [...])
 6 SYSTEMPATH\CodeIgniter.php(933): App\Controllers\VentasController->index()
 7 SYSTEMPATH\CodeIgniter.php(509): CodeIgniter\CodeIgniter->runController(Object(App\Controllers\VentasController))
>>>>>>> d808966821b543fc31cb62c7715d024415cab361
 8 SYSTEMPATH\CodeIgniter.php(355): CodeIgniter\CodeIgniter->handleRequest(null, Object(Config\Cache), false)
 9 SYSTEMPATH\Boot.php(325): CodeIgniter\CodeIgniter->run()
10 SYSTEMPATH\Boot.php(67): CodeIgniter\Boot::runCodeIgniter(Object(CodeIgniter\CodeIgniter))
11 FCPATH\index.php(56): CodeIgniter\Boot::bootWeb(Object(Config\Paths))
<<<<<<< HEAD
CRITICAL - 2024-11-12 02:51:39 --> ErrorException: Undefined array key "detalle_venta_id"
[Method: GET, Route: detalle_ventas]
in APPPATH\Views\detalle_ventas\index.php on line 14.
 1 APPPATH\Views\detalle_ventas\index.php(14): CodeIgniter\Debug\Exceptions->errorHandler(2, 'Undefined array key "detalle_venta_id"', 'C:\\xampp\\htdocs\\pproyecto_final_g4-\\app\\Views\\detalle_ventas\\index.php', 14)
 2 SYSTEMPATH\View\View.php(234): include('C:\\xampp\\htdocs\\pproyecto_final_g4-\\app\\Views\\detalle_ventas\\index.php')
 3 SYSTEMPATH\View\View.php(237): CodeIgniter\View\View->CodeIgniter\View\{closure}()
 4 SYSTEMPATH\Common.php(1171): CodeIgniter\View\View->render('detalle_ventas/index', [], true)
 5 APPPATH\Controllers\DetalleVentasController.php(11): view('detalle_ventas/index', [...])
 6 SYSTEMPATH\CodeIgniter.php(933): App\Controllers\DetalleVentasController->index()
 7 SYSTEMPATH\CodeIgniter.php(509): CodeIgniter\CodeIgniter->runController(Object(App\Controllers\DetalleVentasController))
=======
INFO - 2024-11-12 04:57:56 --> Session: Class initialized using 'CodeIgniter\Session\Handlers\FileHandler' driver.
INFO - 2024-11-12 04:58:22 --> Session: Class initialized using 'CodeIgniter\Session\Handlers\FileHandler' driver.
INFO - 2024-11-12 04:58:23 --> Session: Class initialized using 'CodeIgniter\Session\Handlers\FileHandler' driver.
INFO - 2024-11-12 04:58:35 --> Session: Class initialized using 'CodeIgniter\Session\Handlers\FileHandler' driver.
INFO - 2024-11-12 04:58:53 --> Session: Class initialized using 'CodeIgniter\Session\Handlers\FileHandler' driver.
INFO - 2024-11-12 15:41:58 --> Session: Class initialized using 'CodeIgniter\Session\Handlers\FileHandler' driver.
INFO - 2024-11-12 15:42:24 --> Session: Class initialized using 'CodeIgniter\Session\Handlers\FileHandler' driver.
INFO - 2024-11-12 15:46:49 --> Session: Class initialized using 'CodeIgniter\Session\Handlers\FileHandler' driver.
INFO - 2024-11-12 16:05:27 --> Session: Class initialized using 'CodeIgniter\Session\Handlers\FileHandler' driver.
INFO - 2024-11-12 16:07:21 --> Session: Class initialized using 'CodeIgniter\Session\Handlers\FileHandler' driver.
INFO - 2024-11-12 16:10:04 --> Session: Class initialized using 'CodeIgniter\Session\Handlers\FileHandler' driver.
INFO - 2024-11-12 16:10:19 --> Session: Class initialized using 'CodeIgniter\Session\Handlers\FileHandler' driver.
INFO - 2024-11-12 16:10:20 --> Session: Class initialized using 'CodeIgniter\Session\Handlers\FileHandler' driver.
INFO - 2024-11-12 16:11:15 --> Session: Class initialized using 'CodeIgniter\Session\Handlers\FileHandler' driver.
INFO - 2024-11-12 16:11:54 --> Session: Class initialized using 'CodeIgniter\Session\Handlers\FileHandler' driver.
INFO - 2024-11-12 16:12:25 --> Session: Class initialized using 'CodeIgniter\Session\Handlers\FileHandler' driver.
INFO - 2024-11-12 16:17:40 --> Session: Class initialized using 'CodeIgniter\Session\Handlers\FileHandler' driver.
INFO - 2024-11-12 16:18:44 --> Session: Class initialized using 'CodeIgniter\Session\Handlers\FileHandler' driver.
INFO - 2024-11-12 16:25:22 --> Session: Class initialized using 'CodeIgniter\Session\Handlers\FileHandler' driver.
INFO - 2024-11-12 16:26:27 --> Session: Class initialized using 'CodeIgniter\Session\Handlers\FileHandler' driver.
INFO - 2024-11-12 16:26:59 --> Session: Class initialized using 'CodeIgniter\Session\Handlers\FileHandler' driver.
INFO - 2024-11-12 16:27:45 --> Session: Class initialized using 'CodeIgniter\Session\Handlers\FileHandler' driver.
INFO - 2024-11-12 16:30:11 --> Session: Class initialized using 'CodeIgniter\Session\Handlers\FileHandler' driver.
INFO - 2024-11-12 16:30:40 --> Session: Class initialized using 'CodeIgniter\Session\Handlers\FileHandler' driver.
INFO - 2024-11-12 16:30:50 --> Session: Class initialized using 'CodeIgniter\Session\Handlers\FileHandler' driver.
INFO - 2024-11-12 16:33:13 --> Session: Class initialized using 'CodeIgniter\Session\Handlers\FileHandler' driver.
INFO - 2024-11-12 16:34:53 --> Session: Class initialized using 'CodeIgniter\Session\Handlers\FileHandler' driver.
INFO - 2024-11-12 18:55:14 --> Session: Class initialized using 'CodeIgniter\Session\Handlers\FileHandler' driver.
CRITICAL - 2024-11-12 18:55:14 --> ErrorException: Undefined variable $juegos
[Method: GET, Route: tienda]
in APPPATH\Views\tienda.php on line 177.
 1 APPPATH\Views\tienda.php(177): CodeIgniter\Debug\Exceptions->errorHandler(2, 'Undefined variable $juegos', 'C:\\laragon\\www\\pproyecto_final_g4-\\app\\Views\\tienda.php', 177)
 2 SYSTEMPATH\View\View.php(234): include('C:\\laragon\\www\\pproyecto_final_g4-\\app\\Views\\tienda.php')
 3 SYSTEMPATH\View\View.php(237): CodeIgniter\View\View->CodeIgniter\View\{closure}()
 4 SYSTEMPATH\Common.php(1171): CodeIgniter\View\View->render('tienda', [], true)
 5 APPPATH\Controllers\MenuController.php(16): view('tienda')
 6 SYSTEMPATH\CodeIgniter.php(933): App\Controllers\MenuController->tienda()
 7 SYSTEMPATH\CodeIgniter.php(509): CodeIgniter\CodeIgniter->runController(Object(App\Controllers\MenuController))
>>>>>>> d808966821b543fc31cb62c7715d024415cab361
 8 SYSTEMPATH\CodeIgniter.php(355): CodeIgniter\CodeIgniter->handleRequest(null, Object(Config\Cache), false)
 9 SYSTEMPATH\Boot.php(325): CodeIgniter\CodeIgniter->run()
10 SYSTEMPATH\Boot.php(67): CodeIgniter\Boot::runCodeIgniter(Object(CodeIgniter\CodeIgniter))
11 FCPATH\index.php(56): CodeIgniter\Boot::bootWeb(Object(Config\Paths))
<<<<<<< HEAD
INFO - 2024-11-12 02:51:45 --> Session: Class initialized using 'CodeIgniter\Session\Handlers\FileHandler' driver.
INFO - 2024-11-12 02:51:55 --> Session: Class initialized using 'CodeIgniter\Session\Handlers\FileHandler' driver.
CRITICAL - 2024-11-12 02:52:09 --> ErrorException: Undefined array key "detalle_venta_id"
[Method: GET, Route: detalle_ventas]
in APPPATH\Views\detalle_ventas\index.php on line 14.
 1 APPPATH\Views\detalle_ventas\index.php(14): CodeIgniter\Debug\Exceptions->errorHandler(2, 'Undefined array key "detalle_venta_id"', 'C:\\xampp\\htdocs\\pproyecto_final_g4-\\app\\Views\\detalle_ventas\\index.php', 14)
 2 SYSTEMPATH\View\View.php(234): include('C:\\xampp\\htdocs\\pproyecto_final_g4-\\app\\Views\\detalle_ventas\\index.php')
 3 SYSTEMPATH\View\View.php(237): CodeIgniter\View\View->CodeIgniter\View\{closure}()
 4 SYSTEMPATH\Common.php(1171): CodeIgniter\View\View->render('detalle_ventas/index', [], true)
 5 APPPATH\Controllers\DetalleVentasController.php(11): view('detalle_ventas/index', [...])
 6 SYSTEMPATH\CodeIgniter.php(933): App\Controllers\DetalleVentasController->index()
 7 SYSTEMPATH\CodeIgniter.php(509): CodeIgniter\CodeIgniter->runController(Object(App\Controllers\DetalleVentasController))
=======
INFO - 2024-11-12 19:02:56 --> Session: Class initialized using 'CodeIgniter\Session\Handlers\FileHandler' driver.
CRITICAL - 2024-11-12 19:02:56 --> ErrorException: Undefined variable $juegos
[Method: GET, Route: tienda]
in APPPATH\Views\tienda.php on line 178.
 1 APPPATH\Views\tienda.php(178): CodeIgniter\Debug\Exceptions->errorHandler(2, 'Undefined variable $juegos', 'C:\\laragon\\www\\pproyecto_final_g4-\\app\\Views\\tienda.php', 178)
 2 SYSTEMPATH\View\View.php(234): include('C:\\laragon\\www\\pproyecto_final_g4-\\app\\Views\\tienda.php')
 3 SYSTEMPATH\View\View.php(237): CodeIgniter\View\View->CodeIgniter\View\{closure}()
 4 SYSTEMPATH\Common.php(1171): CodeIgniter\View\View->render('tienda', [], true)
 5 APPPATH\Controllers\MenuController.php(16): view('tienda')
 6 SYSTEMPATH\CodeIgniter.php(933): App\Controllers\MenuController->tienda()
 7 SYSTEMPATH\CodeIgniter.php(509): CodeIgniter\CodeIgniter->runController(Object(App\Controllers\MenuController))
>>>>>>> d808966821b543fc31cb62c7715d024415cab361
 8 SYSTEMPATH\CodeIgniter.php(355): CodeIgniter\CodeIgniter->handleRequest(null, Object(Config\Cache), false)
 9 SYSTEMPATH\Boot.php(325): CodeIgniter\CodeIgniter->run()
10 SYSTEMPATH\Boot.php(67): CodeIgniter\Boot::runCodeIgniter(Object(CodeIgniter\CodeIgniter))
11 FCPATH\index.php(56): CodeIgniter\Boot::bootWeb(Object(Config\Paths))
<<<<<<< HEAD
CRITICAL - 2024-11-12 02:53:56 --> ErrorException: Undefined array key "detalle_venta_id"
[Method: GET, Route: detalle_ventas]
in APPPATH\Views\detalle_ventas\index.php on line 14.
 1 APPPATH\Views\detalle_ventas\index.php(14): CodeIgniter\Debug\Exceptions->errorHandler(2, 'Undefined array key "detalle_venta_id"', 'C:\\xampp\\htdocs\\pproyecto_final_g4-\\app\\Views\\detalle_ventas\\index.php', 14)
 2 SYSTEMPATH\View\View.php(234): include('C:\\xampp\\htdocs\\pproyecto_final_g4-\\app\\Views\\detalle_ventas\\index.php')
 3 SYSTEMPATH\View\View.php(237): CodeIgniter\View\View->CodeIgniter\View\{closure}()
 4 SYSTEMPATH\Common.php(1171): CodeIgniter\View\View->render('detalle_ventas/index', [], true)
 5 APPPATH\Controllers\DetalleVentasController.php(11): view('detalle_ventas/index', [...])
 6 SYSTEMPATH\CodeIgniter.php(933): App\Controllers\DetalleVentasController->index()
 7 SYSTEMPATH\CodeIgniter.php(509): CodeIgniter\CodeIgniter->runController(Object(App\Controllers\DetalleVentasController))
=======
INFO - 2024-11-12 19:06:59 --> Session: Class initialized using 'CodeIgniter\Session\Handlers\FileHandler' driver.
CRITICAL - 2024-11-12 19:06:59 --> ErrorException: Undefined variable $juegos
[Method: GET, Route: tienda]
in APPPATH\Views\tienda.php on line 178.
 1 APPPATH\Views\tienda.php(178): CodeIgniter\Debug\Exceptions->errorHandler(2, 'Undefined variable $juegos', 'C:\\laragon\\www\\pproyecto_final_g4-\\app\\Views\\tienda.php', 178)
 2 SYSTEMPATH\View\View.php(234): include('C:\\laragon\\www\\pproyecto_final_g4-\\app\\Views\\tienda.php')
 3 SYSTEMPATH\View\View.php(237): CodeIgniter\View\View->CodeIgniter\View\{closure}()
 4 SYSTEMPATH\Common.php(1171): CodeIgniter\View\View->render('tienda', [], true)
 5 APPPATH\Controllers\MenuController.php(16): view('tienda')
 6 SYSTEMPATH\CodeIgniter.php(933): App\Controllers\MenuController->tienda()
 7 SYSTEMPATH\CodeIgniter.php(509): CodeIgniter\CodeIgniter->runController(Object(App\Controllers\MenuController))
>>>>>>> d808966821b543fc31cb62c7715d024415cab361
 8 SYSTEMPATH\CodeIgniter.php(355): CodeIgniter\CodeIgniter->handleRequest(null, Object(Config\Cache), false)
 9 SYSTEMPATH\Boot.php(325): CodeIgniter\CodeIgniter->run()
10 SYSTEMPATH\Boot.php(67): CodeIgniter\Boot::runCodeIgniter(Object(CodeIgniter\CodeIgniter))
11 FCPATH\index.php(56): CodeIgniter\Boot::bootWeb(Object(Config\Paths))
<<<<<<< HEAD
CRITICAL - 2024-11-12 02:54:07 --> ErrorException: Undefined array key "detalle_venta_id"
[Method: GET, Route: detalle_ventas]
in APPPATH\Views\detalle_ventas\index.php on line 14.
 1 APPPATH\Views\detalle_ventas\index.php(14): CodeIgniter\Debug\Exceptions->errorHandler(2, 'Undefined array key "detalle_venta_id"', 'C:\\xampp\\htdocs\\pproyecto_final_g4-\\app\\Views\\detalle_ventas\\index.php', 14)
 2 SYSTEMPATH\View\View.php(234): include('C:\\xampp\\htdocs\\pproyecto_final_g4-\\app\\Views\\detalle_ventas\\index.php')
 3 SYSTEMPATH\View\View.php(237): CodeIgniter\View\View->CodeIgniter\View\{closure}()
 4 SYSTEMPATH\Common.php(1171): CodeIgniter\View\View->render('detalle_ventas/index', [], true)
 5 APPPATH\Controllers\DetalleVentasController.php(11): view('detalle_ventas/index', [...])
 6 SYSTEMPATH\CodeIgniter.php(933): App\Controllers\DetalleVentasController->index()
 7 SYSTEMPATH\CodeIgniter.php(509): CodeIgniter\CodeIgniter->runController(Object(App\Controllers\DetalleVentasController))
=======
INFO - 2024-11-12 19:14:10 --> Session: Class initialized using 'CodeIgniter\Session\Handlers\FileHandler' driver.
INFO - 2024-11-12 19:15:48 --> Session: Class initialized using 'CodeIgniter\Session\Handlers\FileHandler' driver.
INFO - 2024-11-12 19:19:51 --> Session: Class initialized using 'CodeIgniter\Session\Handlers\FileHandler' driver.
INFO - 2024-11-12 19:27:46 --> Session: Class initialized using 'CodeIgniter\Session\Handlers\FileHandler' driver.
INFO - 2024-11-12 19:29:03 --> Session: Class initialized using 'CodeIgniter\Session\Handlers\FileHandler' driver.
INFO - 2024-11-12 20:14:05 --> Session: Class initialized using 'CodeIgniter\Session\Handlers\FileHandler' driver.
INFO - 2024-11-12 20:17:07 --> Session: Class initialized using 'CodeIgniter\Session\Handlers\FileHandler' driver.
CRITICAL - 2024-11-12 20:17:07 --> ErrorException: Undefined variable $videojuegos
[Method: GET, Route: tienda]
in APPPATH\Views\tienda.php on line 178.
 1 APPPATH\Views\tienda.php(178): CodeIgniter\Debug\Exceptions->errorHandler(2, 'Undefined variable $videojuegos', 'C:\\laragon\\www\\pproyecto_final_g4-\\app\\Views\\tienda.php', 178)
 2 SYSTEMPATH\View\View.php(234): include('C:\\laragon\\www\\pproyecto_final_g4-\\app\\Views\\tienda.php')
 3 SYSTEMPATH\View\View.php(237): CodeIgniter\View\View->CodeIgniter\View\{closure}()
 4 SYSTEMPATH\Common.php(1171): CodeIgniter\View\View->render('tienda', [], true)
 5 APPPATH\Controllers\MenuController.php(16): view('tienda')
 6 SYSTEMPATH\CodeIgniter.php(933): App\Controllers\MenuController->tienda()
 7 SYSTEMPATH\CodeIgniter.php(509): CodeIgniter\CodeIgniter->runController(Object(App\Controllers\MenuController))
>>>>>>> d808966821b543fc31cb62c7715d024415cab361
 8 SYSTEMPATH\CodeIgniter.php(355): CodeIgniter\CodeIgniter->handleRequest(null, Object(Config\Cache), false)
 9 SYSTEMPATH\Boot.php(325): CodeIgniter\CodeIgniter->run()
10 SYSTEMPATH\Boot.php(67): CodeIgniter\Boot::runCodeIgniter(Object(CodeIgniter\CodeIgniter))
11 FCPATH\index.php(56): CodeIgniter\Boot::bootWeb(Object(Config\Paths))
<<<<<<< HEAD
CRITICAL - 2024-11-12 02:54:07 --> ErrorException: Undefined array key "detalle_venta_id"
[Method: GET, Route: detalle_ventas]
in APPPATH\Views\detalle_ventas\index.php on line 14.
 1 APPPATH\Views\detalle_ventas\index.php(14): CodeIgniter\Debug\Exceptions->errorHandler(2, 'Undefined array key "detalle_venta_id"', 'C:\\xampp\\htdocs\\pproyecto_final_g4-\\app\\Views\\detalle_ventas\\index.php', 14)
 2 SYSTEMPATH\View\View.php(234): include('C:\\xampp\\htdocs\\pproyecto_final_g4-\\app\\Views\\detalle_ventas\\index.php')
 3 SYSTEMPATH\View\View.php(237): CodeIgniter\View\View->CodeIgniter\View\{closure}()
 4 SYSTEMPATH\Common.php(1171): CodeIgniter\View\View->render('detalle_ventas/index', [], true)
 5 APPPATH\Controllers\DetalleVentasController.php(11): view('detalle_ventas/index', [...])
 6 SYSTEMPATH\CodeIgniter.php(933): App\Controllers\DetalleVentasController->index()
 7 SYSTEMPATH\CodeIgniter.php(509): CodeIgniter\CodeIgniter->runController(Object(App\Controllers\DetalleVentasController))
=======
INFO - 2024-11-12 20:17:27 --> Session: Class initialized using 'CodeIgniter\Session\Handlers\FileHandler' driver.
CRITICAL - 2024-11-12 20:17:27 --> ErrorException: Undefined variable $videojuegos
[Method: GET, Route: tienda]
in APPPATH\Views\tienda.php on line 178.
 1 APPPATH\Views\tienda.php(178): CodeIgniter\Debug\Exceptions->errorHandler(2, 'Undefined variable $videojuegos', 'C:\\laragon\\www\\pproyecto_final_g4-\\app\\Views\\tienda.php', 178)
 2 SYSTEMPATH\View\View.php(234): include('C:\\laragon\\www\\pproyecto_final_g4-\\app\\Views\\tienda.php')
 3 SYSTEMPATH\View\View.php(237): CodeIgniter\View\View->CodeIgniter\View\{closure}()
 4 SYSTEMPATH\Common.php(1171): CodeIgniter\View\View->render('tienda', [], true)
 5 APPPATH\Controllers\MenuController.php(16): view('tienda')
 6 SYSTEMPATH\CodeIgniter.php(933): App\Controllers\MenuController->tienda()
 7 SYSTEMPATH\CodeIgniter.php(509): CodeIgniter\CodeIgniter->runController(Object(App\Controllers\MenuController))
>>>>>>> d808966821b543fc31cb62c7715d024415cab361
 8 SYSTEMPATH\CodeIgniter.php(355): CodeIgniter\CodeIgniter->handleRequest(null, Object(Config\Cache), false)
 9 SYSTEMPATH\Boot.php(325): CodeIgniter\CodeIgniter->run()
10 SYSTEMPATH\Boot.php(67): CodeIgniter\Boot::runCodeIgniter(Object(CodeIgniter\CodeIgniter))
11 FCPATH\index.php(56): CodeIgniter\Boot::bootWeb(Object(Config\Paths))
<<<<<<< HEAD
CRITICAL - 2024-11-12 02:54:08 --> ErrorException: Undefined array key "detalle_venta_id"
[Method: GET, Route: detalle_ventas]
in APPPATH\Views\detalle_ventas\index.php on line 14.
 1 APPPATH\Views\detalle_ventas\index.php(14): CodeIgniter\Debug\Exceptions->errorHandler(2, 'Undefined array key "detalle_venta_id"', 'C:\\xampp\\htdocs\\pproyecto_final_g4-\\app\\Views\\detalle_ventas\\index.php', 14)
 2 SYSTEMPATH\View\View.php(234): include('C:\\xampp\\htdocs\\pproyecto_final_g4-\\app\\Views\\detalle_ventas\\index.php')
 3 SYSTEMPATH\View\View.php(237): CodeIgniter\View\View->CodeIgniter\View\{closure}()
 4 SYSTEMPATH\Common.php(1171): CodeIgniter\View\View->render('detalle_ventas/index', [], true)
 5 APPPATH\Controllers\DetalleVentasController.php(11): view('detalle_ventas/index', [...])
 6 SYSTEMPATH\CodeIgniter.php(933): App\Controllers\DetalleVentasController->index()
 7 SYSTEMPATH\CodeIgniter.php(509): CodeIgniter\CodeIgniter->runController(Object(App\Controllers\DetalleVentasController))
=======
INFO - 2024-11-12 20:19:00 --> Session: Class initialized using 'CodeIgniter\Session\Handlers\FileHandler' driver.
INFO - 2024-11-12 20:19:36 --> Session: Class initialized using 'CodeIgniter\Session\Handlers\FileHandler' driver.
CRITICAL - 2024-11-12 20:53:39 --> ErrorException: Cannot declare class App\Controllers\TiendaController, because the name is already in use
[Method: GET, Route: tienda]
in APPPATH\Models\TiendaModel.php on line 7.
 1 [internal function]: CodeIgniter\Debug\Exceptions->shutdownHandler()
CRITICAL - 2024-11-12 20:57:29 --> ErrorException: Cannot declare class App\Controllers\TiendaController, because the name is already in use
[Method: GET, Route: tienda]
in APPPATH\Models\TiendaModel.php on line 7.
 1 [internal function]: CodeIgniter\Debug\Exceptions->shutdownHandler()
INFO - 2024-11-12 20:59:49 --> Session: Class initialized using 'CodeIgniter\Session\Handlers\FileHandler' driver.
CRITICAL - 2024-11-12 20:59:49 --> ErrorException: Undefined variable $videojuegos
[Method: GET, Route: tienda]
in APPPATH\Views\tienda\index.php on line 178.
 1 APPPATH\Views\tienda\index.php(178): CodeIgniter\Debug\Exceptions->errorHandler(2, 'Undefined variable $videojuegos', 'C:\\laragon\\www\\pproyecto_final_g4-\\app\\Views\\tienda\\index.php', 178)
 2 SYSTEMPATH\View\View.php(234): include('C:\\laragon\\www\\pproyecto_final_g4-\\app\\Views\\tienda\\index.php')
 3 SYSTEMPATH\View\View.php(237): CodeIgniter\View\View->CodeIgniter\View\{closure}()
 4 SYSTEMPATH\Common.php(1171): CodeIgniter\View\View->render('tienda/index', [], true)
 5 APPPATH\Controllers\TiendaController.php(15): view('tienda/index', [...])
 6 SYSTEMPATH\CodeIgniter.php(933): App\Controllers\TiendaController->index()
 7 SYSTEMPATH\CodeIgniter.php(509): CodeIgniter\CodeIgniter->runController(Object(App\Controllers\TiendaController))
>>>>>>> d808966821b543fc31cb62c7715d024415cab361
 8 SYSTEMPATH\CodeIgniter.php(355): CodeIgniter\CodeIgniter->handleRequest(null, Object(Config\Cache), false)
 9 SYSTEMPATH\Boot.php(325): CodeIgniter\CodeIgniter->run()
10 SYSTEMPATH\Boot.php(67): CodeIgniter\Boot::runCodeIgniter(Object(CodeIgniter\CodeIgniter))
11 FCPATH\index.php(56): CodeIgniter\Boot::bootWeb(Object(Config\Paths))
<<<<<<< HEAD
INFO - 2024-11-12 02:54:11 --> Session: Class initialized using 'CodeIgniter\Session\Handlers\FileHandler' driver.
INFO - 2024-11-12 02:57:29 --> Session: Class initialized using 'CodeIgniter\Session\Handlers\FileHandler' driver.
INFO - 2024-11-12 02:57:41 --> Session: Class initialized using 'CodeIgniter\Session\Handlers\FileHandler' driver.
CRITICAL - 2024-11-12 02:57:59 --> ErrorException: Undefined array key "detalle_venta_id"
[Method: GET, Route: detalle_ventas]
in APPPATH\Views\detalle_ventas\index.php on line 14.
 1 APPPATH\Views\detalle_ventas\index.php(14): CodeIgniter\Debug\Exceptions->errorHandler(2, 'Undefined array key "detalle_venta_id"', 'C:\\xampp\\htdocs\\pproyecto_final_g4-\\app\\Views\\detalle_ventas\\index.php', 14)
 2 SYSTEMPATH\View\View.php(234): include('C:\\xampp\\htdocs\\pproyecto_final_g4-\\app\\Views\\detalle_ventas\\index.php')
 3 SYSTEMPATH\View\View.php(237): CodeIgniter\View\View->CodeIgniter\View\{closure}()
 4 SYSTEMPATH\Common.php(1171): CodeIgniter\View\View->render('detalle_ventas/index', [], true)
 5 APPPATH\Controllers\DetalleVentasController.php(11): view('detalle_ventas/index', [...])
 6 SYSTEMPATH\CodeIgniter.php(933): App\Controllers\DetalleVentasController->index()
 7 SYSTEMPATH\CodeIgniter.php(509): CodeIgniter\CodeIgniter->runController(Object(App\Controllers\DetalleVentasController))
=======
INFO - 2024-11-12 21:00:40 --> Session: Class initialized using 'CodeIgniter\Session\Handlers\FileHandler' driver.
CRITICAL - 2024-11-12 21:00:40 --> ErrorException: Undefined variable $videojuegos
[Method: GET, Route: tienda]
in APPPATH\Views\tienda\index.php on line 178.
 1 APPPATH\Views\tienda\index.php(178): CodeIgniter\Debug\Exceptions->errorHandler(2, 'Undefined variable $videojuegos', 'C:\\laragon\\www\\pproyecto_final_g4-\\app\\Views\\tienda\\index.php', 178)
 2 SYSTEMPATH\View\View.php(234): include('C:\\laragon\\www\\pproyecto_final_g4-\\app\\Views\\tienda\\index.php')
 3 SYSTEMPATH\View\View.php(237): CodeIgniter\View\View->CodeIgniter\View\{closure}()
 4 SYSTEMPATH\Common.php(1171): CodeIgniter\View\View->render('tienda/index', [], true)
 5 APPPATH\Controllers\TiendaController.php(15): view('tienda/index', [...])
 6 SYSTEMPATH\CodeIgniter.php(933): App\Controllers\TiendaController->index()
 7 SYSTEMPATH\CodeIgniter.php(509): CodeIgniter\CodeIgniter->runController(Object(App\Controllers\TiendaController))
>>>>>>> d808966821b543fc31cb62c7715d024415cab361
 8 SYSTEMPATH\CodeIgniter.php(355): CodeIgniter\CodeIgniter->handleRequest(null, Object(Config\Cache), false)
 9 SYSTEMPATH\Boot.php(325): CodeIgniter\CodeIgniter->run()
10 SYSTEMPATH\Boot.php(67): CodeIgniter\Boot::runCodeIgniter(Object(CodeIgniter\CodeIgniter))
11 FCPATH\index.php(56): CodeIgniter\Boot::bootWeb(Object(Config\Paths))
<<<<<<< HEAD
CRITICAL - 2024-11-12 02:58:00 --> ErrorException: Undefined array key "detalle_venta_id"
[Method: GET, Route: detalle_ventas]
in APPPATH\Views\detalle_ventas\index.php on line 14.
 1 APPPATH\Views\detalle_ventas\index.php(14): CodeIgniter\Debug\Exceptions->errorHandler(2, 'Undefined array key "detalle_venta_id"', 'C:\\xampp\\htdocs\\pproyecto_final_g4-\\app\\Views\\detalle_ventas\\index.php', 14)
 2 SYSTEMPATH\View\View.php(234): include('C:\\xampp\\htdocs\\pproyecto_final_g4-\\app\\Views\\detalle_ventas\\index.php')
 3 SYSTEMPATH\View\View.php(237): CodeIgniter\View\View->CodeIgniter\View\{closure}()
 4 SYSTEMPATH\Common.php(1171): CodeIgniter\View\View->render('detalle_ventas/index', [], true)
 5 APPPATH\Controllers\DetalleVentasController.php(11): view('detalle_ventas/index', [...])
 6 SYSTEMPATH\CodeIgniter.php(933): App\Controllers\DetalleVentasController->index()
 7 SYSTEMPATH\CodeIgniter.php(509): CodeIgniter\CodeIgniter->runController(Object(App\Controllers\DetalleVentasController))
=======
INFO - 2024-11-12 21:00:49 --> Session: Class initialized using 'CodeIgniter\Session\Handlers\FileHandler' driver.
CRITICAL - 2024-11-12 21:00:49 --> ErrorException: Undefined variable $videojuegos
[Method: GET, Route: tienda]
in APPPATH\Views\tienda\index.php on line 178.
 1 APPPATH\Views\tienda\index.php(178): CodeIgniter\Debug\Exceptions->errorHandler(2, 'Undefined variable $videojuegos', 'C:\\laragon\\www\\pproyecto_final_g4-\\app\\Views\\tienda\\index.php', 178)
 2 SYSTEMPATH\View\View.php(234): include('C:\\laragon\\www\\pproyecto_final_g4-\\app\\Views\\tienda\\index.php')
 3 SYSTEMPATH\View\View.php(237): CodeIgniter\View\View->CodeIgniter\View\{closure}()
 4 SYSTEMPATH\Common.php(1171): CodeIgniter\View\View->render('tienda/index', [], true)
 5 APPPATH\Controllers\TiendaController.php(15): view('tienda/index', [...])
 6 SYSTEMPATH\CodeIgniter.php(933): App\Controllers\TiendaController->index()
 7 SYSTEMPATH\CodeIgniter.php(509): CodeIgniter\CodeIgniter->runController(Object(App\Controllers\TiendaController))
>>>>>>> d808966821b543fc31cb62c7715d024415cab361
 8 SYSTEMPATH\CodeIgniter.php(355): CodeIgniter\CodeIgniter->handleRequest(null, Object(Config\Cache), false)
 9 SYSTEMPATH\Boot.php(325): CodeIgniter\CodeIgniter->run()
10 SYSTEMPATH\Boot.php(67): CodeIgniter\Boot::runCodeIgniter(Object(CodeIgniter\CodeIgniter))
11 FCPATH\index.php(56): CodeIgniter\Boot::bootWeb(Object(Config\Paths))
<<<<<<< HEAD
CRITICAL - 2024-11-12 03:02:21 --> ErrorException: Undefined array key "detalle_venta_id"
[Method: GET, Route: detalle_ventas]
in APPPATH\Views\detalle_ventas\index.php on line 14.
 1 APPPATH\Views\detalle_ventas\index.php(14): CodeIgniter\Debug\Exceptions->errorHandler(2, 'Undefined array key "detalle_venta_id"', 'C:\\xampp\\htdocs\\pproyecto_final_g4-\\app\\Views\\detalle_ventas\\index.php', 14)
 2 SYSTEMPATH\View\View.php(234): include('C:\\xampp\\htdocs\\pproyecto_final_g4-\\app\\Views\\detalle_ventas\\index.php')
 3 SYSTEMPATH\View\View.php(237): CodeIgniter\View\View->CodeIgniter\View\{closure}()
 4 SYSTEMPATH\Common.php(1171): CodeIgniter\View\View->render('detalle_ventas/index', [], true)
 5 APPPATH\Controllers\DetalleVentasController.php(11): view('detalle_ventas/index', [...])
 6 SYSTEMPATH\CodeIgniter.php(933): App\Controllers\DetalleVentasController->index()
 7 SYSTEMPATH\CodeIgniter.php(509): CodeIgniter\CodeIgniter->runController(Object(App\Controllers\DetalleVentasController))
=======
INFO - 2024-11-12 21:02:36 --> Session: Class initialized using 'CodeIgniter\Session\Handlers\FileHandler' driver.
CRITICAL - 2024-11-12 21:02:36 --> ErrorException: Undefined variable $videojuego
[Method: GET, Route: tienda]
in APPPATH\Views\tienda\index.php on line 183.
 1 APPPATH\Views\tienda\index.php(183): CodeIgniter\Debug\Exceptions->errorHandler(2, 'Undefined variable $videojuego', 'C:\\laragon\\www\\pproyecto_final_g4-\\app\\Views\\tienda\\index.php', 183)
 2 SYSTEMPATH\View\View.php(234): include('C:\\laragon\\www\\pproyecto_final_g4-\\app\\Views\\tienda\\index.php')
 3 SYSTEMPATH\View\View.php(237): CodeIgniter\View\View->CodeIgniter\View\{closure}()
 4 SYSTEMPATH\Common.php(1171): CodeIgniter\View\View->render('tienda/index', [], true)
 5 APPPATH\Controllers\TiendaController.php(15): view('tienda/index', [...])
 6 SYSTEMPATH\CodeIgniter.php(933): App\Controllers\TiendaController->index()
 7 SYSTEMPATH\CodeIgniter.php(509): CodeIgniter\CodeIgniter->runController(Object(App\Controllers\TiendaController))
>>>>>>> d808966821b543fc31cb62c7715d024415cab361
 8 SYSTEMPATH\CodeIgniter.php(355): CodeIgniter\CodeIgniter->handleRequest(null, Object(Config\Cache), false)
 9 SYSTEMPATH\Boot.php(325): CodeIgniter\CodeIgniter->run()
10 SYSTEMPATH\Boot.php(67): CodeIgniter\Boot::runCodeIgniter(Object(CodeIgniter\CodeIgniter))
11 FCPATH\index.php(56): CodeIgniter\Boot::bootWeb(Object(Config\Paths))
<<<<<<< HEAD
CRITICAL - 2024-11-12 03:02:21 --> ErrorException: Undefined array key "detalle_venta_id"
[Method: GET, Route: detalle_ventas]
in APPPATH\Views\detalle_ventas\index.php on line 14.
 1 APPPATH\Views\detalle_ventas\index.php(14): CodeIgniter\Debug\Exceptions->errorHandler(2, 'Undefined array key "detalle_venta_id"', 'C:\\xampp\\htdocs\\pproyecto_final_g4-\\app\\Views\\detalle_ventas\\index.php', 14)
 2 SYSTEMPATH\View\View.php(234): include('C:\\xampp\\htdocs\\pproyecto_final_g4-\\app\\Views\\detalle_ventas\\index.php')
 3 SYSTEMPATH\View\View.php(237): CodeIgniter\View\View->CodeIgniter\View\{closure}()
 4 SYSTEMPATH\Common.php(1171): CodeIgniter\View\View->render('detalle_ventas/index', [], true)
 5 APPPATH\Controllers\DetalleVentasController.php(11): view('detalle_ventas/index', [...])
 6 SYSTEMPATH\CodeIgniter.php(933): App\Controllers\DetalleVentasController->index()
 7 SYSTEMPATH\CodeIgniter.php(509): CodeIgniter\CodeIgniter->runController(Object(App\Controllers\DetalleVentasController))
=======
INFO - 2024-11-12 21:04:01 --> Session: Class initialized using 'CodeIgniter\Session\Handlers\FileHandler' driver.
CRITICAL - 2024-11-12 21:04:01 --> ErrorException: Undefined array key "titulo"
[Method: GET, Route: tienda]
in APPPATH\Views\tienda\index.php on line 183.
 1 APPPATH\Views\tienda\index.php(183): CodeIgniter\Debug\Exceptions->errorHandler(2, 'Undefined array key "titulo"', 'C:\\laragon\\www\\pproyecto_final_g4-\\app\\Views\\tienda\\index.php', 183)
 2 SYSTEMPATH\View\View.php(234): include('C:\\laragon\\www\\pproyecto_final_g4-\\app\\Views\\tienda\\index.php')
 3 SYSTEMPATH\View\View.php(237): CodeIgniter\View\View->CodeIgniter\View\{closure}()
 4 SYSTEMPATH\Common.php(1171): CodeIgniter\View\View->render('tienda/index', [], true)
 5 APPPATH\Controllers\TiendaController.php(15): view('tienda/index', [...])
 6 SYSTEMPATH\CodeIgniter.php(933): App\Controllers\TiendaController->index()
 7 SYSTEMPATH\CodeIgniter.php(509): CodeIgniter\CodeIgniter->runController(Object(App\Controllers\TiendaController))
>>>>>>> d808966821b543fc31cb62c7715d024415cab361
 8 SYSTEMPATH\CodeIgniter.php(355): CodeIgniter\CodeIgniter->handleRequest(null, Object(Config\Cache), false)
 9 SYSTEMPATH\Boot.php(325): CodeIgniter\CodeIgniter->run()
10 SYSTEMPATH\Boot.php(67): CodeIgniter\Boot::runCodeIgniter(Object(CodeIgniter\CodeIgniter))
11 FCPATH\index.php(56): CodeIgniter\Boot::bootWeb(Object(Config\Paths))
<<<<<<< HEAD
INFO - 2024-11-12 03:02:27 --> Session: Class initialized using 'CodeIgniter\Session\Handlers\FileHandler' driver.
CRITICAL - 2024-11-12 03:02:38 --> ErrorException: Undefined array key "detalle_venta_id"
[Method: GET, Route: detalle_ventas]
in APPPATH\Views\detalle_ventas\index.php on line 14.
 1 APPPATH\Views\detalle_ventas\index.php(14): CodeIgniter\Debug\Exceptions->errorHandler(2, 'Undefined array key "detalle_venta_id"', 'C:\\xampp\\htdocs\\pproyecto_final_g4-\\app\\Views\\detalle_ventas\\index.php', 14)
 2 SYSTEMPATH\View\View.php(234): include('C:\\xampp\\htdocs\\pproyecto_final_g4-\\app\\Views\\detalle_ventas\\index.php')
 3 SYSTEMPATH\View\View.php(237): CodeIgniter\View\View->CodeIgniter\View\{closure}()
 4 SYSTEMPATH\Common.php(1171): CodeIgniter\View\View->render('detalle_ventas/index', [], true)
 5 APPPATH\Controllers\DetalleVentasController.php(11): view('detalle_ventas/index', [...])
 6 SYSTEMPATH\CodeIgniter.php(933): App\Controllers\DetalleVentasController->index()
 7 SYSTEMPATH\CodeIgniter.php(509): CodeIgniter\CodeIgniter->runController(Object(App\Controllers\DetalleVentasController))
=======
INFO - 2024-11-12 21:05:00 --> Session: Class initialized using 'CodeIgniter\Session\Handlers\FileHandler' driver.
CRITICAL - 2024-11-12 21:05:00 --> ErrorException: Undefined array key "titulo"
[Method: GET, Route: tienda]
in APPPATH\Views\tienda\index.php on line 183.
 1 APPPATH\Views\tienda\index.php(183): CodeIgniter\Debug\Exceptions->errorHandler(2, 'Undefined array key "titulo"', 'C:\\laragon\\www\\pproyecto_final_g4-\\app\\Views\\tienda\\index.php', 183)
 2 SYSTEMPATH\View\View.php(234): include('C:\\laragon\\www\\pproyecto_final_g4-\\app\\Views\\tienda\\index.php')
 3 SYSTEMPATH\View\View.php(237): CodeIgniter\View\View->CodeIgniter\View\{closure}()
 4 SYSTEMPATH\Common.php(1171): CodeIgniter\View\View->render('tienda/index', [], true)
 5 APPPATH\Controllers\TiendaController.php(15): view('tienda/index', [...])
 6 SYSTEMPATH\CodeIgniter.php(933): App\Controllers\TiendaController->index()
 7 SYSTEMPATH\CodeIgniter.php(509): CodeIgniter\CodeIgniter->runController(Object(App\Controllers\TiendaController))
>>>>>>> d808966821b543fc31cb62c7715d024415cab361
 8 SYSTEMPATH\CodeIgniter.php(355): CodeIgniter\CodeIgniter->handleRequest(null, Object(Config\Cache), false)
 9 SYSTEMPATH\Boot.php(325): CodeIgniter\CodeIgniter->run()
10 SYSTEMPATH\Boot.php(67): CodeIgniter\Boot::runCodeIgniter(Object(CodeIgniter\CodeIgniter))
11 FCPATH\index.php(56): CodeIgniter\Boot::bootWeb(Object(Config\Paths))
<<<<<<< HEAD
CRITICAL - 2024-11-12 03:02:38 --> ErrorException: Undefined array key "detalle_venta_id"
[Method: GET, Route: detalle_ventas]
in APPPATH\Views\detalle_ventas\index.php on line 14.
 1 APPPATH\Views\detalle_ventas\index.php(14): CodeIgniter\Debug\Exceptions->errorHandler(2, 'Undefined array key "detalle_venta_id"', 'C:\\xampp\\htdocs\\pproyecto_final_g4-\\app\\Views\\detalle_ventas\\index.php', 14)
 2 SYSTEMPATH\View\View.php(234): include('C:\\xampp\\htdocs\\pproyecto_final_g4-\\app\\Views\\detalle_ventas\\index.php')
 3 SYSTEMPATH\View\View.php(237): CodeIgniter\View\View->CodeIgniter\View\{closure}()
 4 SYSTEMPATH\Common.php(1171): CodeIgniter\View\View->render('detalle_ventas/index', [], true)
 5 APPPATH\Controllers\DetalleVentasController.php(11): view('detalle_ventas/index', [...])
 6 SYSTEMPATH\CodeIgniter.php(933): App\Controllers\DetalleVentasController->index()
 7 SYSTEMPATH\CodeIgniter.php(509): CodeIgniter\CodeIgniter->runController(Object(App\Controllers\DetalleVentasController))
=======
INFO - 2024-11-12 21:06:59 --> Session: Class initialized using 'CodeIgniter\Session\Handlers\FileHandler' driver.
CRITICAL - 2024-11-12 21:06:59 --> ErrorException: Undefined array key "titulo"
[Method: GET, Route: tienda]
in APPPATH\Views\tienda\index.php on line 183.
 1 APPPATH\Views\tienda\index.php(183): CodeIgniter\Debug\Exceptions->errorHandler(2, 'Undefined array key "titulo"', 'C:\\laragon\\www\\pproyecto_final_g4-\\app\\Views\\tienda\\index.php', 183)
 2 SYSTEMPATH\View\View.php(234): include('C:\\laragon\\www\\pproyecto_final_g4-\\app\\Views\\tienda\\index.php')
 3 SYSTEMPATH\View\View.php(237): CodeIgniter\View\View->CodeIgniter\View\{closure}()
 4 SYSTEMPATH\Common.php(1171): CodeIgniter\View\View->render('tienda/index', [], true)
 5 APPPATH\Controllers\TiendaController.php(15): view('tienda/index', [...])
 6 SYSTEMPATH\CodeIgniter.php(933): App\Controllers\TiendaController->index()
 7 SYSTEMPATH\CodeIgniter.php(509): CodeIgniter\CodeIgniter->runController(Object(App\Controllers\TiendaController))
>>>>>>> d808966821b543fc31cb62c7715d024415cab361
 8 SYSTEMPATH\CodeIgniter.php(355): CodeIgniter\CodeIgniter->handleRequest(null, Object(Config\Cache), false)
 9 SYSTEMPATH\Boot.php(325): CodeIgniter\CodeIgniter->run()
10 SYSTEMPATH\Boot.php(67): CodeIgniter\Boot::runCodeIgniter(Object(CodeIgniter\CodeIgniter))
11 FCPATH\index.php(56): CodeIgniter\Boot::bootWeb(Object(Config\Paths))
<<<<<<< HEAD
CRITICAL - 2024-11-12 07:10:46 --> ErrorException: Undefined array key "detalle_venta_id"
[Method: GET, Route: detalle_ventas]
in APPPATH\Views\detalle_ventas\index.php on line 14.
 1 APPPATH\Views\detalle_ventas\index.php(14): CodeIgniter\Debug\Exceptions->errorHandler(2, 'Undefined array key "detalle_venta_id"', 'C:\\xampp\\htdocs\\pproyecto_final_g4-\\app\\Views\\detalle_ventas\\index.php', 14)
 2 SYSTEMPATH\View\View.php(234): include('C:\\xampp\\htdocs\\pproyecto_final_g4-\\app\\Views\\detalle_ventas\\index.php')
 3 SYSTEMPATH\View\View.php(237): CodeIgniter\View\View->CodeIgniter\View\{closure}()
 4 SYSTEMPATH\Common.php(1171): CodeIgniter\View\View->render('detalle_ventas/index', [], true)
 5 APPPATH\Controllers\DetalleVentasController.php(11): view('detalle_ventas/index', [...])
 6 SYSTEMPATH\CodeIgniter.php(933): App\Controllers\DetalleVentasController->index()
 7 SYSTEMPATH\CodeIgniter.php(509): CodeIgniter\CodeIgniter->runController(Object(App\Controllers\DetalleVentasController))
 8 SYSTEMPATH\CodeIgniter.php(355): CodeIgniter\CodeIgniter->handleRequest(null, Object(Config\Cache), false)
 9 SYSTEMPATH\Boot.php(325): CodeIgniter\CodeIgniter->run()
10 SYSTEMPATH\Boot.php(67): CodeIgniter\Boot::runCodeIgniter(Object(CodeIgniter\CodeIgniter))
11 FCPATH\index.php(56): CodeIgniter\Boot::bootWeb(Object(Config\Paths))
CRITICAL - 2024-11-12 07:11:55 --> ErrorException: Undefined array key "detalle_venta_id"
[Method: GET, Route: detalle_ventas]
in APPPATH\Views\detalle_ventas\index.php on line 14.
 1 APPPATH\Views\detalle_ventas\index.php(14): CodeIgniter\Debug\Exceptions->errorHandler(2, 'Undefined array key "detalle_venta_id"', 'C:\\xampp\\htdocs\\pproyecto_final_g4-\\app\\Views\\detalle_ventas\\index.php', 14)
 2 SYSTEMPATH\View\View.php(234): include('C:\\xampp\\htdocs\\pproyecto_final_g4-\\app\\Views\\detalle_ventas\\index.php')
 3 SYSTEMPATH\View\View.php(237): CodeIgniter\View\View->CodeIgniter\View\{closure}()
 4 SYSTEMPATH\Common.php(1171): CodeIgniter\View\View->render('detalle_ventas/index', [], true)
 5 APPPATH\Controllers\DetalleVentasController.php(11): view('detalle_ventas/index', [...])
 6 SYSTEMPATH\CodeIgniter.php(933): App\Controllers\DetalleVentasController->index()
 7 SYSTEMPATH\CodeIgniter.php(509): CodeIgniter\CodeIgniter->runController(Object(App\Controllers\DetalleVentasController))
 8 SYSTEMPATH\CodeIgniter.php(355): CodeIgniter\CodeIgniter->handleRequest(null, Object(Config\Cache), false)
 9 SYSTEMPATH\Boot.php(325): CodeIgniter\CodeIgniter->run()
10 SYSTEMPATH\Boot.php(67): CodeIgniter\Boot::runCodeIgniter(Object(CodeIgniter\CodeIgniter))
11 FCPATH\index.php(56): CodeIgniter\Boot::bootWeb(Object(Config\Paths))
CRITICAL - 2024-11-12 07:11:56 --> ErrorException: Undefined array key "detalle_venta_id"
[Method: GET, Route: detalle_ventas]
in APPPATH\Views\detalle_ventas\index.php on line 14.
 1 APPPATH\Views\detalle_ventas\index.php(14): CodeIgniter\Debug\Exceptions->errorHandler(2, 'Undefined array key "detalle_venta_id"', 'C:\\xampp\\htdocs\\pproyecto_final_g4-\\app\\Views\\detalle_ventas\\index.php', 14)
 2 SYSTEMPATH\View\View.php(234): include('C:\\xampp\\htdocs\\pproyecto_final_g4-\\app\\Views\\detalle_ventas\\index.php')
 3 SYSTEMPATH\View\View.php(237): CodeIgniter\View\View->CodeIgniter\View\{closure}()
 4 SYSTEMPATH\Common.php(1171): CodeIgniter\View\View->render('detalle_ventas/index', [], true)
 5 APPPATH\Controllers\DetalleVentasController.php(11): view('detalle_ventas/index', [...])
 6 SYSTEMPATH\CodeIgniter.php(933): App\Controllers\DetalleVentasController->index()
 7 SYSTEMPATH\CodeIgniter.php(509): CodeIgniter\CodeIgniter->runController(Object(App\Controllers\DetalleVentasController))
 8 SYSTEMPATH\CodeIgniter.php(355): CodeIgniter\CodeIgniter->handleRequest(null, Object(Config\Cache), false)
 9 SYSTEMPATH\Boot.php(325): CodeIgniter\CodeIgniter->run()
10 SYSTEMPATH\Boot.php(67): CodeIgniter\Boot::runCodeIgniter(Object(CodeIgniter\CodeIgniter))
11 FCPATH\index.php(56): CodeIgniter\Boot::bootWeb(Object(Config\Paths))
CRITICAL - 2024-11-12 07:20:04 --> ErrorException: Undefined array key "producto_id"
[Method: GET, Route: detalle_ventas]
in APPPATH\Views\detalle_ventas\index.php on line 16.
 1 APPPATH\Views\detalle_ventas\index.php(16): CodeIgniter\Debug\Exceptions->errorHandler(2, 'Undefined array key "producto_id"', 'C:\\xampp\\htdocs\\pproyecto_final_g4-\\app\\Views\\detalle_ventas\\index.php', 16)
 2 SYSTEMPATH\View\View.php(234): include('C:\\xampp\\htdocs\\pproyecto_final_g4-\\app\\Views\\detalle_ventas\\index.php')
 3 SYSTEMPATH\View\View.php(237): CodeIgniter\View\View->CodeIgniter\View\{closure}()
 4 SYSTEMPATH\Common.php(1171): CodeIgniter\View\View->render('detalle_ventas/index', [], true)
 5 APPPATH\Controllers\DetalleVentasController.php(11): view('detalle_ventas/index', [...])
 6 SYSTEMPATH\CodeIgniter.php(933): App\Controllers\DetalleVentasController->index()
 7 SYSTEMPATH\CodeIgniter.php(509): CodeIgniter\CodeIgniter->runController(Object(App\Controllers\DetalleVentasController))
 8 SYSTEMPATH\CodeIgniter.php(355): CodeIgniter\CodeIgniter->handleRequest(null, Object(Config\Cache), false)
 9 SYSTEMPATH\Boot.php(325): CodeIgniter\CodeIgniter->run()
10 SYSTEMPATH\Boot.php(67): CodeIgniter\Boot::runCodeIgniter(Object(CodeIgniter\CodeIgniter))
11 FCPATH\index.php(56): CodeIgniter\Boot::bootWeb(Object(Config\Paths))
CRITICAL - 2024-11-12 07:20:06 --> ErrorException: Undefined array key "producto_id"
[Method: GET, Route: detalle_ventas]
in APPPATH\Views\detalle_ventas\index.php on line 16.
 1 APPPATH\Views\detalle_ventas\index.php(16): CodeIgniter\Debug\Exceptions->errorHandler(2, 'Undefined array key "producto_id"', 'C:\\xampp\\htdocs\\pproyecto_final_g4-\\app\\Views\\detalle_ventas\\index.php', 16)
 2 SYSTEMPATH\View\View.php(234): include('C:\\xampp\\htdocs\\pproyecto_final_g4-\\app\\Views\\detalle_ventas\\index.php')
 3 SYSTEMPATH\View\View.php(237): CodeIgniter\View\View->CodeIgniter\View\{closure}()
 4 SYSTEMPATH\Common.php(1171): CodeIgniter\View\View->render('detalle_ventas/index', [], true)
 5 APPPATH\Controllers\DetalleVentasController.php(11): view('detalle_ventas/index', [...])
 6 SYSTEMPATH\CodeIgniter.php(933): App\Controllers\DetalleVentasController->index()
 7 SYSTEMPATH\CodeIgniter.php(509): CodeIgniter\CodeIgniter->runController(Object(App\Controllers\DetalleVentasController))
 8 SYSTEMPATH\CodeIgniter.php(355): CodeIgniter\CodeIgniter->handleRequest(null, Object(Config\Cache), false)
 9 SYSTEMPATH\Boot.php(325): CodeIgniter\CodeIgniter->run()
10 SYSTEMPATH\Boot.php(67): CodeIgniter\Boot::runCodeIgniter(Object(CodeIgniter\CodeIgniter))
11 FCPATH\index.php(56): CodeIgniter\Boot::bootWeb(Object(Config\Paths))
INFO - 2024-11-12 07:33:37 --> Session: Class initialized using 'CodeIgniter\Session\Handlers\FileHandler' driver.
INFO - 2024-11-12 07:33:46 --> Session: Class initialized using 'CodeIgniter\Session\Handlers\FileHandler' driver.
CRITICAL - 2024-11-12 07:41:11 --> ErrorException: Undefined array key "contrasenia"
[Method: GET, Route: usuarios]
in APPPATH\Views\usuarios\index.php on line 144.
 1 APPPATH\Views\usuarios\index.php(144): CodeIgniter\Debug\Exceptions->errorHandler(2, 'Undefined array key "contrasenia"', 'C:\\xampp\\htdocs\\pproyecto_final_g4-\\app\\Views\\usuarios\\index.php', 144)
 2 SYSTEMPATH\View\View.php(234): include('C:\\xampp\\htdocs\\pproyecto_final_g4-\\app\\Views\\usuarios\\index.php')
 3 SYSTEMPATH\View\View.php(237): CodeIgniter\View\View->CodeIgniter\View\{closure}()
 4 SYSTEMPATH\Common.php(1171): CodeIgniter\View\View->render('usuarios/index', [], true)
 5 APPPATH\Controllers\UsuariosController.php(11): view('usuarios/index', [...])
 6 SYSTEMPATH\CodeIgniter.php(933): App\Controllers\UsuariosController->index()
 7 SYSTEMPATH\CodeIgniter.php(509): CodeIgniter\CodeIgniter->runController(Object(App\Controllers\UsuariosController))
 8 SYSTEMPATH\CodeIgniter.php(355): CodeIgniter\CodeIgniter->handleRequest(null, Object(Config\Cache), false)
 9 SYSTEMPATH\Boot.php(325): CodeIgniter\CodeIgniter->run()
10 SYSTEMPATH\Boot.php(67): CodeIgniter\Boot::runCodeIgniter(Object(CodeIgniter\CodeIgniter))
11 FCPATH\index.php(56): CodeIgniter\Boot::bootWeb(Object(Config\Paths))
ERROR - 2024-11-12 07:43:29 --> mysqli_sql_exception: Table 'tienda_de_videojuegos.inventario' doesn't exist in C:\xampp\htdocs\pproyecto_final_g4-\system\Database\MySQLi\Connection.php:312
Stack trace:
#0 C:\xampp\htdocs\pproyecto_final_g4-\system\Database\MySQLi\Connection.php(312): mysqli->query('SELECT *\nFROM `...', 0)
#1 C:\xampp\htdocs\pproyecto_final_g4-\system\Database\BaseConnection.php(734): CodeIgniter\Database\MySQLi\Connection->execute('SELECT *\nFROM `...')
#2 C:\xampp\htdocs\pproyecto_final_g4-\system\Database\BaseConnection.php(648): CodeIgniter\Database\BaseConnection->simpleQuery('SELECT *\nFROM `...')
#3 C:\xampp\htdocs\pproyecto_final_g4-\system\Database\BaseBuilder.php(1636): CodeIgniter\Database\BaseConnection->query('SELECT *\nFROM `...', Array, false)
#4 C:\xampp\htdocs\pproyecto_final_g4-\system\Model.php(286): CodeIgniter\Database\BaseBuilder->get()
#5 C:\xampp\htdocs\pproyecto_final_g4-\system\BaseModel.php(676): CodeIgniter\Model->doFindAll(0, 0)
#6 C:\xampp\htdocs\pproyecto_final_g4-\app\Controllers\InventarioController.php(13): CodeIgniter\BaseModel->findAll()
#7 C:\xampp\htdocs\pproyecto_final_g4-\system\CodeIgniter.php(933): App\Controllers\InventarioController->index()
#8 C:\xampp\htdocs\pproyecto_final_g4-\system\CodeIgniter.php(509): CodeIgniter\CodeIgniter->runController(Object(App\Controllers\InventarioController))
#9 C:\xampp\htdocs\pproyecto_final_g4-\system\CodeIgniter.php(355): CodeIgniter\CodeIgniter->handleRequest(NULL, Object(Config\Cache), false)
#10 C:\xampp\htdocs\pproyecto_final_g4-\system\Boot.php(325): CodeIgniter\CodeIgniter->run()
#11 C:\xampp\htdocs\pproyecto_final_g4-\system\Boot.php(67): CodeIgniter\Boot::runCodeIgniter(Object(CodeIgniter\CodeIgniter))
#12 C:\xampp\htdocs\pproyecto_final_g4-\public\index.php(56): CodeIgniter\Boot::bootWeb(Object(Config\Paths))
#13 {main}
CRITICAL - 2024-11-12 07:43:29 --> CodeIgniter\Database\Exceptions\DatabaseException: Table 'tienda_de_videojuegos.inventario' doesn't exist
[Method: GET, Route: inventario]
in SYSTEMPATH\Database\BaseConnection.php on line 688.
 1 SYSTEMPATH\Database\BaseBuilder.php(1636): CodeIgniter\Database\BaseConnection->query('SELECT *
FROM `inventario`', [], false)
 2 SYSTEMPATH\Model.php(286): CodeIgniter\Database\BaseBuilder->get()
 3 SYSTEMPATH\BaseModel.php(676): CodeIgniter\Model->doFindAll(0, 0)
 4 APPPATH\Controllers\InventarioController.php(13): CodeIgniter\BaseModel->findAll()
 5 SYSTEMPATH\CodeIgniter.php(933): App\Controllers\InventarioController->index()
 6 SYSTEMPATH\CodeIgniter.php(509): CodeIgniter\CodeIgniter->runController(Object(App\Controllers\InventarioController))
 7 SYSTEMPATH\CodeIgniter.php(355): CodeIgniter\CodeIgniter->handleRequest(null, Object(Config\Cache), false)
 8 SYSTEMPATH\Boot.php(325): CodeIgniter\CodeIgniter->run()
 9 SYSTEMPATH\Boot.php(67): CodeIgniter\Boot::runCodeIgniter(Object(CodeIgniter\CodeIgniter))
10 FCPATH\index.php(56): CodeIgniter\Boot::bootWeb(Object(Config\Paths))
CRITICAL - 2024-11-12 07:43:29 --> [Caused by] CodeIgniter\Database\Exceptions\DatabaseException: Table 'tienda_de_videojuegos.inventario' doesn't exist
in SYSTEMPATH\Database\MySQLi\Connection.php on line 317.
 1 SYSTEMPATH\Database\BaseConnection.php(734): CodeIgniter\Database\MySQLi\Connection->execute('SELECT *
FROM `inventario`')
 2 SYSTEMPATH\Database\BaseConnection.php(648): CodeIgniter\Database\BaseConnection->simpleQuery('SELECT *
FROM `inventario`')
 3 SYSTEMPATH\Database\BaseBuilder.php(1636): CodeIgniter\Database\BaseConnection->query('SELECT *
FROM `inventario`', [], false)
 4 SYSTEMPATH\Model.php(286): CodeIgniter\Database\BaseBuilder->get()
 5 SYSTEMPATH\BaseModel.php(676): CodeIgniter\Model->doFindAll(0, 0)
 6 APPPATH\Controllers\InventarioController.php(13): CodeIgniter\BaseModel->findAll()
 7 SYSTEMPATH\CodeIgniter.php(933): App\Controllers\InventarioController->index()
 8 SYSTEMPATH\CodeIgniter.php(509): CodeIgniter\CodeIgniter->runController(Object(App\Controllers\InventarioController))
 9 SYSTEMPATH\CodeIgniter.php(355): CodeIgniter\CodeIgniter->handleRequest(null, Object(Config\Cache), false)
10 SYSTEMPATH\Boot.php(325): CodeIgniter\CodeIgniter->run()
11 SYSTEMPATH\Boot.php(67): CodeIgniter\Boot::runCodeIgniter(Object(CodeIgniter\CodeIgniter))
12 FCPATH\index.php(56): CodeIgniter\Boot::bootWeb(Object(Config\Paths))
CRITICAL - 2024-11-12 07:43:29 --> [Caused by] mysqli_sql_exception: Table 'tienda_de_videojuegos.inventario' doesn't exist
in SYSTEMPATH\Database\MySQLi\Connection.php on line 312.
 1 SYSTEMPATH\Database\MySQLi\Connection.php(312): mysqli->query('SELECT *
FROM `inventario`', 0)
 2 SYSTEMPATH\Database\BaseConnection.php(734): CodeIgniter\Database\MySQLi\Connection->execute('SELECT *
FROM `inventario`')
 3 SYSTEMPATH\Database\BaseConnection.php(648): CodeIgniter\Database\BaseConnection->simpleQuery('SELECT *
FROM `inventario`')
 4 SYSTEMPATH\Database\BaseBuilder.php(1636): CodeIgniter\Database\BaseConnection->query('SELECT *
FROM `inventario`', [], false)
 5 SYSTEMPATH\Model.php(286): CodeIgniter\Database\BaseBuilder->get()
 6 SYSTEMPATH\BaseModel.php(676): CodeIgniter\Model->doFindAll(0, 0)
 7 APPPATH\Controllers\InventarioController.php(13): CodeIgniter\BaseModel->findAll()
 8 SYSTEMPATH\CodeIgniter.php(933): App\Controllers\InventarioController->index()
 9 SYSTEMPATH\CodeIgniter.php(509): CodeIgniter\CodeIgniter->runController(Object(App\Controllers\InventarioController))
10 SYSTEMPATH\CodeIgniter.php(355): CodeIgniter\CodeIgniter->handleRequest(null, Object(Config\Cache), false)
11 SYSTEMPATH\Boot.php(325): CodeIgniter\CodeIgniter->run()
12 SYSTEMPATH\Boot.php(67): CodeIgniter\Boot::runCodeIgniter(Object(CodeIgniter\CodeIgniter))
13 FCPATH\index.php(56): CodeIgniter\Boot::bootWeb(Object(Config\Paths))
INFO - 2024-11-12 07:47:49 --> Session: Class initialized using 'CodeIgniter\Session\Handlers\FileHandler' driver.
<<<<<<< HEAD
INFO - 2024-11-12 15:53:20 --> Session: Class initialized using 'CodeIgniter\Session\Handlers\FileHandler' driver.
INFO - 2024-11-12 16:38:09 --> Session: Class initialized using 'CodeIgniter\Session\Handlers\FileHandler' driver.
INFO - 2024-11-12 16:59:48 --> Session: Class initialized using 'CodeIgniter\Session\Handlers\FileHandler' driver.
INFO - 2024-11-12 16:59:55 --> Session: Class initialized using 'CodeIgniter\Session\Handlers\FileHandler' driver.
INFO - 2024-11-12 17:04:45 --> Session: Class initialized using 'CodeIgniter\Session\Handlers\FileHandler' driver.
INFO - 2024-11-12 17:04:49 --> Session: Class initialized using 'CodeIgniter\Session\Handlers\FileHandler' driver.
INFO - 2024-11-12 17:05:25 --> Session: Class initialized using 'CodeIgniter\Session\Handlers\FileHandler' driver.
INFO - 2024-11-12 17:05:27 --> Session: Class initialized using 'CodeIgniter\Session\Handlers\FileHandler' driver.
INFO - 2024-11-12 18:45:44 --> Session: Class initialized using 'CodeIgniter\Session\Handlers\FileHandler' driver.
INFO - 2024-11-12 18:46:02 --> Session: Class initialized using 'CodeIgniter\Session\Handlers\FileHandler' driver.
INFO - 2024-11-12 18:52:08 --> Session: Class initialized using 'CodeIgniter\Session\Handlers\FileHandler' driver.
=======
<<<<<<< HEAD
INFO - 2024-11-12 16:09:12 --> Session: Class initialized using 'CodeIgniter\Session\Handlers\FileHandler' driver.
INFO - 2024-11-12 16:09:20 --> Session: Class initialized using 'CodeIgniter\Session\Handlers\FileHandler' driver.
INFO - 2024-11-12 16:23:26 --> Session: Class initialized using 'CodeIgniter\Session\Handlers\FileHandler' driver.
INFO - 2024-11-12 16:23:28 --> Session: Class initialized using 'CodeIgniter\Session\Handlers\FileHandler' driver.
INFO - 2024-11-12 16:28:10 --> Session: Class initialized using 'CodeIgniter\Session\Handlers\FileHandler' driver.
INFO - 2024-11-12 16:28:22 --> Session: Class initialized using 'CodeIgniter\Session\Handlers\FileHandler' driver.
INFO - 2024-11-12 16:28:33 --> Session: Class initialized using 'CodeIgniter\Session\Handlers\FileHandler' driver.
INFO - 2024-11-12 16:30:36 --> Session: Class initialized using 'CodeIgniter\Session\Handlers\FileHandler' driver.
INFO - 2024-11-12 16:30:45 --> Session: Class initialized using 'CodeIgniter\Session\Handlers\FileHandler' driver.
INFO - 2024-11-12 16:56:48 --> Session: Class initialized using 'CodeIgniter\Session\Handlers\FileHandler' driver.
INFO - 2024-11-12 16:57:51 --> Session: Class initialized using 'CodeIgniter\Session\Handlers\FileHandler' driver.
INFO - 2024-11-12 16:58:08 --> Session: Class initialized using 'CodeIgniter\Session\Handlers\FileHandler' driver.
INFO - 2024-11-12 17:01:15 --> Session: Class initialized using 'CodeIgniter\Session\Handlers\FileHandler' driver.
INFO - 2024-11-12 17:01:26 --> Session: Class initialized using 'CodeIgniter\Session\Handlers\FileHandler' driver.
=======
>>>>>>> 2e8e53bd238876e6cd7ed708b3ba05a7c6150d25
>>>>>>> c50fb971562e4441552dfdc49b06a3fff0188ce4
INFO - 2024-11-12 19:01:15 --> Session: Class initialized using 'CodeIgniter\Session\Handlers\FileHandler' driver.
INFO - 2024-11-12 19:01:23 --> Session: Class initialized using 'CodeIgniter\Session\Handlers\FileHandler' driver.
INFO - 2024-11-12 19:01:26 --> Session: Class initialized using 'CodeIgniter\Session\Handlers\FileHandler' driver.
INFO - 2024-11-12 19:10:25 --> Session: Class initialized using 'CodeIgniter\Session\Handlers\FileHandler' driver.
INFO - 2024-11-12 19:11:11 --> Session: Class initialized using 'CodeIgniter\Session\Handlers\FileHandler' driver.
INFO - 2024-11-12 19:11:20 --> Session: Class initialized using 'CodeIgniter\Session\Handlers\FileHandler' driver.
INFO - 2024-11-12 19:21:05 --> Session: Class initialized using 'CodeIgniter\Session\Handlers\FileHandler' driver.
INFO - 2024-11-12 19:26:17 --> Session: Class initialized using 'CodeIgniter\Session\Handlers\FileHandler' driver.
INFO - 2024-11-12 19:41:01 --> Session: Class initialized using 'CodeIgniter\Session\Handlers\FileHandler' driver.
=======
INFO - 2024-11-12 21:11:19 --> Session: Class initialized using 'CodeIgniter\Session\Handlers\FileHandler' driver.
INFO - 2024-11-12 21:15:38 --> Session: Class initialized using 'CodeIgniter\Session\Handlers\FileHandler' driver.
INFO - 2024-11-12 21:16:13 --> Session: Class initialized using 'CodeIgniter\Session\Handlers\FileHandler' driver.
INFO - 2024-11-12 21:16:54 --> Session: Class initialized using 'CodeIgniter\Session\Handlers\FileHandler' driver.
INFO - 2024-11-12 21:17:18 --> Session: Class initialized using 'CodeIgniter\Session\Handlers\FileHandler' driver.
INFO - 2024-11-12 21:18:29 --> Session: Class initialized using 'CodeIgniter\Session\Handlers\FileHandler' driver.
INFO - 2024-11-12 21:19:11 --> Session: Class initialized using 'CodeIgniter\Session\Handlers\FileHandler' driver.
INFO - 2024-11-12 21:20:17 --> Session: Class initialized using 'CodeIgniter\Session\Handlers\FileHandler' driver.
INFO - 2024-11-12 21:21:16 --> Session: Class initialized using 'CodeIgniter\Session\Handlers\FileHandler' driver.
INFO - 2024-11-12 21:25:23 --> Session: Class initialized using 'CodeIgniter\Session\Handlers\FileHandler' driver.
INFO - 2024-11-12 21:30:15 --> Session: Class initialized using 'CodeIgniter\Session\Handlers\FileHandler' driver.
INFO - 2024-11-12 21:31:55 --> Session: Class initialized using 'CodeIgniter\Session\Handlers\FileHandler' driver.
INFO - 2024-11-12 21:33:29 --> Session: Class initialized using 'CodeIgniter\Session\Handlers\FileHandler' driver.
>>>>>>> d808966821b543fc31cb62c7715d024415cab361
